TN:
SF:/home/shasdor/CalcGTestHomeTask/CalcGTest/ICalculator.h
FN:13,13,_ZN4calc11ICalculatorD0Ev
FN:13,13,_ZN4calc11ICalculatorD2Ev
FNDA:0,_ZN4calc11ICalculatorD0Ev
FNDA:14,_ZN4calc11ICalculatorD2Ev
FNF:2
FNH:1
DA:13,14
LF:1
LH:1
end_of_record
TN:
SF:/home/shasdor/CalcGTestHomeTask/CalcGTest/IHistory.h
FN:14,14,_ZN4calc8IHistoryD0Ev
FN:14,14,_ZN4calc8IHistoryD2Ev
FNDA:0,_ZN4calc8IHistoryD0Ev
FNDA:19,_ZN4calc8IHistoryD2Ev
FNF:2
FNH:1
DA:14,19
LF:1
LH:1
end_of_record
TN:
SF:/home/shasdor/CalcGTestHomeTask/CalcGTest/InMemoryHistory.cpp
FN:13,17,_ZNK4calc15InMemoryHistory17GetLastOperationsB5cxx11Em
FN:8,11,_ZN4calc15InMemoryHistory8AddEntryERKNSt7__cxx1112basic_stringIcSt11char_traitsIcESaIcEEE
FNDA:5,_ZNK4calc15InMemoryHistory17GetLastOperationsB5cxx11Em
FNDA:26,_ZN4calc15InMemoryHistory8AddEntryERKNSt7__cxx1112basic_stringIcSt11char_traitsIcESaIcEEE
FNF:2
FNH:2
DA:8,26
DA:10,26
DA:11,26
DA:13,5
DA:15,5
DA:16,15
LF:6
LH:6
end_of_record
TN:
SF:/home/shasdor/CalcGTestHomeTask/CalcGTest/InMemoryHistory.h
FN:13,13,_ZN4calc15InMemoryHistoryC2Ev
FNDA:16,_ZN4calc15InMemoryHistoryC2Ev
FNF:1
FNH:1
DA:13,16
LF:1
LH:1
end_of_record
TN:
SF:/home/shasdor/CalcGTestHomeTask/CalcGTest/SimpleCalculator.cpp
FN:11,14,_ZN4calc16SimpleCalculatorC2ERNS_8IHistoryE
FN:16,19,_ZN4calc16SimpleCalculator10SetHistoryERNS_8IHistoryE
FN:21,26,_ZN4calc16SimpleCalculator3AddEdd
FN:28,33,_ZN4calc16SimpleCalculator8SubtractEdd
FN:35,40,_ZN4calc16SimpleCalculator8MultiplyEdd
FN:42,52,_ZN4calc16SimpleCalculator6DivideEdd
FN:54,59,_ZN4calc16SimpleCalculator12LogOperationEdPKcdd
FNDA:14,_ZN4calc16SimpleCalculatorC2ERNS_8IHistoryE
FNDA:1,_ZN4calc16SimpleCalculator10SetHistoryERNS_8IHistoryE
FNDA:5,_ZN4calc16SimpleCalculator3AddEdd
FNDA:3,_ZN4calc16SimpleCalculator8SubtractEdd
FNDA:4,_ZN4calc16SimpleCalculator8MultiplyEdd
FNDA:5,_ZN4calc16SimpleCalculator6DivideEdd
FNDA:16,_ZN4calc16SimpleCalculator12LogOperationEdPKcdd
FNF:7
FNH:7
DA:11,14
DA:12,14
DA:14,14
DA:16,1
DA:18,1
DA:19,1
DA:21,5
DA:23,5
DA:24,5
DA:25,5
DA:28,3
DA:30,3
DA:31,3
DA:32,3
DA:35,4
DA:37,4
DA:38,4
DA:39,4
DA:42,5
DA:44,5
DA:45,5
DA:47,1
DA:49,4
DA:51,4
DA:54,16
DA:56,16
DA:57,16
DA:58,16
DA:59,16
LF:29
LH:29
end_of_record
TN:
SF:/home/shasdor/CalcGTestHomeTask/CalcGTest/SimpleCalculator.h
FNF:0
FNH:0
LF:0
LH:0
end_of_record
TN:
SF:/home/shasdor/CalcGTestHomeTask/CalcGTest/build/_deps/googletest-src/googlemock/include/gmock/gmock-actions.h
FN:1002,1010,_ZN7testing8internal12ReturnActionISt6vectorINSt7__cxx1112basic_stringIcSt11char_traitsIcESaIcEEESaIS8_EEE4ImplISA_E5StateC2EOSA_
FN:1265,1267,_ZNK7testing8internal15DoDefaultActioncvNS_6ActionIT_EEIFSt6vectorINSt7__cxx1112basic_stringIcSt11char_traitsIcESaIcEEESaISC_EEmEEEv
FN:1265,1267,_ZNK7testing8internal15DoDefaultActioncvNS_6ActionIT_EEIFvRKNSt7__cxx1112basic_stringIcSt11char_traitsIcESaIcEEEEEEv
FN:172,172,_ZN7testing8internal25BuiltInDefaultValueGetterISt6vectorINSt7__cxx1112basic_stringIcSt11char_traitsIcESaIcEEESaIS8_EELb1EE3GetEv
FN:1935,1937,_ZN7testing6ReturnISt6vectorINSt7__cxx1112basic_stringIcSt11char_traitsIcESaIcEEESaIS7_EEEENS_8internal12ReturnActionIT_EESC_
FN:1996,1998,_ZN7testing9DoDefaultEv
FN:203,203,_ZN7testing8internal19BuiltInDefaultValueISt6vectorINSt7__cxx1112basic_stringIcSt11char_traitsIcESaIcEEESaIS8_EEE6ExistsEv
FN:205,208,_ZN7testing8internal19BuiltInDefaultValueISt6vectorINSt7__cxx1112basic_stringIcSt11char_traitsIcESaIcEEESaIS8_EEE3GetEv
FN:462,464,_ZN7testing10OnceActionIFSt6vectorINSt7__cxx1112basic_stringIcSt11char_traitsIcESaIcEEESaIS7_EEmEEC2INSB_23IgnoreIncomingArgumentsINS_8internal12ReturnActionIS9_E4ImplIS9_EEEELi0EEEOT_
FN:481,485,_ZN7testing10OnceActionIFSt6vectorINSt7__cxx1112basic_stringIcSt11char_traitsIcESaIcEEESaIS7_EEmEEC2INS_8internal12ReturnActionIS9_E4ImplIS9_EELi0EEEOT_
FN:491,491,_ZN7testing10OnceActionIFSt6vectorINSt7__cxx1112basic_stringIcSt11char_traitsIcESaIcEEESaIS7_EEmEEC2EOSB_
FN:495,497,_ZNO7testing10OnceActionIFSt6vectorINSt7__cxx1112basic_stringIcSt11char_traitsIcESaIcEEESaIS7_EEmEE4CallEm
FN:516,517,_ZN7testing10OnceActionIFSt6vectorINSt7__cxx1112basic_stringIcSt11char_traitsIcESaIcEEESaIS7_EEmEE18StdFunctionAdaptorINSB_23IgnoreIncomingArgumentsINS_8internal12ReturnActionIS9_E4ImplIS9_EEEEEC2ISJ_EENSK_11CallableTagEOT_
FN:538,541,_ZNK7testing10OnceActionIFSt6vectorINSt7__cxx1112basic_stringIcSt11char_traitsIcESaIcEEESaIS7_EEmEE18StdFunctionAdaptorINSB_23IgnoreIncomingArgumentsINS_8internal12ReturnActionIS9_E4ImplIS9_EEEEEclIJmEEEDTclclL_ZSt7declvalISJ_EDTcl9__declvalIT_ELi0EEEvEEspcl7declvalIT_EEEEDpOSP_
FN:553,555,_ZN7testing10OnceActionIFSt6vectorINSt7__cxx1112basic_stringIcSt11char_traitsIcESaIcEEESaIS7_EEmEE23IgnoreIncomingArgumentsINS_8internal12ReturnActionIS9_E4ImplIS9_EEEclEOm
FN:602,602,_ZN7testing12DefaultValueISt6vectorINSt7__cxx1112basic_stringIcSt11char_traitsIcESaIcEEESaIS7_EEE5IsSetEv
FN:606,608,_ZN7testing12DefaultValueISt6vectorINSt7__cxx1112basic_stringIcSt11char_traitsIcESaIcEEESaIS7_EEE6ExistsEv
FN:613,616,_ZN7testing12DefaultValueISt6vectorINSt7__cxx1112basic_stringIcSt11char_traitsIcESaIcEEESaIS7_EEE3GetEv
FN:690,690,_ZN7testing12DefaultValueIvE6ExistsEv
FN:691,691,_ZN7testing12DefaultValueIvE3GetEv
FN:759,759,_ZN7testing6ActionIFSt6vectorINSt7__cxx1112basic_stringIcSt11char_traitsIcESaIcEEESaIS7_EEmEEC2Ev
FN:759,759,_ZN7testing6ActionIFvRKNSt7__cxx1112basic_stringIcSt11char_traitsIcESaIcEEEEEC2Ev
FN:769,771,_ZN7testing6ActionIFSt6vectorINSt7__cxx1112basic_stringIcSt11char_traitsIcESaIcEEESaIS7_EEmEEC2INS_8internal16TypedExpectationISA_E13ActionAdaptorEvEEOT_
FN:785,785,_ZNK7testing6ActionIFSt6vectorINSt7__cxx1112basic_stringIcSt11char_traitsIcESaIcEEESaIS7_EEmEE11IsDoDefaultEv
FN:785,785,_ZNK7testing6ActionIFvRKNSt7__cxx1112basic_stringIcSt11char_traitsIcESaIcEEEEE11IsDoDefaultEv
FN:793,798,_ZNK7testing6ActionIFSt6vectorINSt7__cxx1112basic_stringIcSt11char_traitsIcESaIcEEESaIS7_EEmEE7PerformESt5tupleIJmEE
FN:793,798,_ZNK7testing6ActionIFvRKNSt7__cxx1112basic_stringIcSt11char_traitsIcESaIcEEEEE7PerformESt5tupleIJS8_EE
FN:823,825,_ZN7testing6ActionIFSt6vectorINSt7__cxx1112basic_stringIcSt11char_traitsIcESaIcEEESaIS7_EEmEE4InitINS_8internal16TypedExpectationISA_E13ActionAdaptorEEEvOT_St17integral_constantIbLb1EE
FN:934,934,_ZN7testing8internal12ReturnActionISt6vectorINSt7__cxx1112basic_stringIcSt11char_traitsIcESaIcEEESaIS8_EEEC2ESA_
FN:943,945,_ZNO7testing8internal12ReturnActionISt6vectorINSt7__cxx1112basic_stringIcSt11char_traitsIcESaIcEEESaIS8_EEEcvNS_10OnceActionIFT_DpT0_EEEISA_JmEvEEv
FN:965,966,_ZN7testing8internal12ReturnActionISt6vectorINSt7__cxx1112basic_stringIcSt11char_traitsIcESaIcEEESaIS8_EEE4ImplISA_EC2EOSA_
FN:972,972,_ZNO7testing8internal12ReturnActionISt6vectorINSt7__cxx1112basic_stringIcSt11char_traitsIcESaIcEEESaIS8_EEE4ImplISA_EclEv
FNDA:1,_ZN7testing8internal12ReturnActionISt6vectorINSt7__cxx1112basic_stringIcSt11char_traitsIcESaIcEEESaIS8_EEE4ImplISA_E5StateC2EOSA_
FNDA:1,_ZNK7testing8internal15DoDefaultActioncvNS_6ActionIT_EEIFSt6vectorINSt7__cxx1112basic_stringIcSt11char_traitsIcESaIcEEESaISC_EEmEEEv
FNDA:5,_ZNK7testing8internal15DoDefaultActioncvNS_6ActionIT_EEIFvRKNSt7__cxx1112basic_stringIcSt11char_traitsIcESaIcEEEEEEv
FNDA:0,_ZN7testing8internal25BuiltInDefaultValueGetterISt6vectorINSt7__cxx1112basic_stringIcSt11char_traitsIcESaIcEEESaIS8_EELb1EE3GetEv
FNDA:1,_ZN7testing6ReturnISt6vectorINSt7__cxx1112basic_stringIcSt11char_traitsIcESaIcEEESaIS7_EEEENS_8internal12ReturnActionIT_EESC_
FNDA:6,_ZN7testing9DoDefaultEv
FNDA:0,_ZN7testing8internal19BuiltInDefaultValueISt6vectorINSt7__cxx1112basic_stringIcSt11char_traitsIcESaIcEEESaIS8_EEE6ExistsEv
FNDA:0,_ZN7testing8internal19BuiltInDefaultValueISt6vectorINSt7__cxx1112basic_stringIcSt11char_traitsIcESaIcEEESaIS8_EEE3GetEv
FNDA:1,_ZN7testing10OnceActionIFSt6vectorINSt7__cxx1112basic_stringIcSt11char_traitsIcESaIcEEESaIS7_EEmEEC2INSB_23IgnoreIncomingArgumentsINS_8internal12ReturnActionIS9_E4ImplIS9_EEEELi0EEEOT_
FNDA:1,_ZN7testing10OnceActionIFSt6vectorINSt7__cxx1112basic_stringIcSt11char_traitsIcESaIcEEESaIS7_EEmEEC2INS_8internal12ReturnActionIS9_E4ImplIS9_EELi0EEEOT_
FNDA:1,_ZN7testing10OnceActionIFSt6vectorINSt7__cxx1112basic_stringIcSt11char_traitsIcESaIcEEESaIS7_EEmEEC2EOSB_
FNDA:1,_ZNO7testing10OnceActionIFSt6vectorINSt7__cxx1112basic_stringIcSt11char_traitsIcESaIcEEESaIS7_EEmEE4CallEm
FNDA:1,_ZN7testing10OnceActionIFSt6vectorINSt7__cxx1112basic_stringIcSt11char_traitsIcESaIcEEESaIS7_EEmEE18StdFunctionAdaptorINSB_23IgnoreIncomingArgumentsINS_8internal12ReturnActionIS9_E4ImplIS9_EEEEEC2ISJ_EENSK_11CallableTagEOT_
FNDA:1,_ZNK7testing10OnceActionIFSt6vectorINSt7__cxx1112basic_stringIcSt11char_traitsIcESaIcEEESaIS7_EEmEE18StdFunctionAdaptorINSB_23IgnoreIncomingArgumentsINS_8internal12ReturnActionIS9_E4ImplIS9_EEEEEclIJmEEEDTclclL_ZSt7declvalISJ_EDTcl9__declvalIT_ELi0EEEvEEspcl7declvalIT_EEEEDpOSP_
FNDA:1,_ZN7testing10OnceActionIFSt6vectorINSt7__cxx1112basic_stringIcSt11char_traitsIcESaIcEEESaIS7_EEmEE23IgnoreIncomingArgumentsINS_8internal12ReturnActionIS9_E4ImplIS9_EEEclEOm
FNDA:0,_ZN7testing12DefaultValueISt6vectorINSt7__cxx1112basic_stringIcSt11char_traitsIcESaIcEEESaIS7_EEE5IsSetEv
FNDA:0,_ZN7testing12DefaultValueISt6vectorINSt7__cxx1112basic_stringIcSt11char_traitsIcESaIcEEESaIS7_EEE6ExistsEv
FNDA:0,_ZN7testing12DefaultValueISt6vectorINSt7__cxx1112basic_stringIcSt11char_traitsIcESaIcEEESaIS7_EEE3GetEv
FNDA:5,_ZN7testing12DefaultValueIvE6ExistsEv
FNDA:5,_ZN7testing12DefaultValueIvE3GetEv
FNDA:1,_ZN7testing6ActionIFSt6vectorINSt7__cxx1112basic_stringIcSt11char_traitsIcESaIcEEESaIS7_EEmEEC2Ev
FNDA:5,_ZN7testing6ActionIFvRKNSt7__cxx1112basic_stringIcSt11char_traitsIcESaIcEEEEEC2Ev
FNDA:1,_ZN7testing6ActionIFSt6vectorINSt7__cxx1112basic_stringIcSt11char_traitsIcESaIcEEESaIS7_EEmEEC2INS_8internal16TypedExpectationISA_E13ActionAdaptorEvEEOT_
FNDA:2,_ZNK7testing6ActionIFSt6vectorINSt7__cxx1112basic_stringIcSt11char_traitsIcESaIcEEESaIS7_EEmEE11IsDoDefaultEv
FNDA:5,_ZNK7testing6ActionIFvRKNSt7__cxx1112basic_stringIcSt11char_traitsIcESaIcEEEEE11IsDoDefaultEv
FNDA:1,_ZNK7testing6ActionIFSt6vectorINSt7__cxx1112basic_stringIcSt11char_traitsIcESaIcEEESaIS7_EEmEE7PerformESt5tupleIJmEE
FNDA:0,_ZNK7testing6ActionIFvRKNSt7__cxx1112basic_stringIcSt11char_traitsIcESaIcEEEEE7PerformESt5tupleIJS8_EE
FNDA:1,_ZN7testing6ActionIFSt6vectorINSt7__cxx1112basic_stringIcSt11char_traitsIcESaIcEEESaIS7_EEmEE4InitINS_8internal16TypedExpectationISA_E13ActionAdaptorEEEvOT_St17integral_constantIbLb1EE
FNDA:1,_ZN7testing8internal12ReturnActionISt6vectorINSt7__cxx1112basic_stringIcSt11char_traitsIcESaIcEEESaIS8_EEEC2ESA_
FNDA:1,_ZNO7testing8internal12ReturnActionISt6vectorINSt7__cxx1112basic_stringIcSt11char_traitsIcESaIcEEESaIS8_EEEcvNS_10OnceActionIFT_DpT0_EEEISA_JmEvEEv
FNDA:1,_ZN7testing8internal12ReturnActionISt6vectorINSt7__cxx1112basic_stringIcSt11char_traitsIcESaIcEEESaIS8_EEE4ImplISA_EC2EOSA_
FNDA:1,_ZNO7testing8internal12ReturnActionISt6vectorINSt7__cxx1112basic_stringIcSt11char_traitsIcESaIcEEESaIS8_EEE4ImplISA_EclEv
FNF:32
FNH:25
DA:172,0
DA:203,0
DA:205,0
DA:207,0
DA:462,1
DA:463,1
DA:464,1
DA:481,1
DA:485,1
DA:491,1
DA:495,1
DA:496,1
DA:516,1
DA:517,1
DA:538,1
DA:540,1
DA:553,1
DA:554,1
DA:602,0
DA:606,0
DA:607,0
DA:613,0
DA:614,0
DA:615,0
DA:690,5
DA:691,5
DA:759,6
DA:769,1
DA:770,1
DA:771,1
DA:785,7
DA:793,1
DA:794,1
DA:795,0
DA:797,1
DA:823,1
DA:824,1
DA:825,1
DA:934,1
DA:943,1
DA:944,1
DA:965,1
DA:966,1
DA:972,1
DA:1002,1
DA:1003,1
DA:1010,1
DA:1265,6
DA:1266,6
DA:1935,1
DA:1936,1
DA:1996,6
DA:1997,6
LF:53
LH:42
end_of_record
TN:
SF:/home/shasdor/CalcGTestHomeTask/CalcGTest/build/_deps/googletest-src/googlemock/include/gmock/gmock-cardinalities.h
FN:113,115,_ZNK7testing11Cardinality22IsSaturatedByCallCountEi
FNDA:12,_ZNK7testing11Cardinality22IsSaturatedByCallCountEi
FNF:1
FNH:1
DA:113,12
DA:114,12
LF:2
LH:2
end_of_record
TN:
SF:/home/shasdor/CalcGTestHomeTask/CalcGTest/build/_deps/googletest-src/googlemock/include/gmock/gmock-matchers.h
FN:309,309,_ZN7testing25StringMatchResultListenerC2Ev
FN:312,312,_ZNK7testing25StringMatchResultListener3strB5cxx11Ev
FN:4502,4504,_ZN7testing1AIRKSt5tupleIJRKNSt7__cxx1112basic_stringIcSt11char_traitsIcESaIcEEEEEEENS_7MatcherIT_EEv
FN:4502,4504,_ZN7testing1AIRKSt5tupleIJmEEEENS_7MatcherIT_EEv
FN:582,587,_ZN7testing8internal15PrintIfNotEmptyERKNSt7__cxx1112basic_stringIcSt11char_traitsIcESaIcEEEPSo
FN:636,640,_ZN7testing8internal11TuplePrefixILm1EE7MatchesISt5tupleIJNS_7MatcherIRKNSt7__cxx1112basic_stringIcSt11char_traitsIcESaIcEEEEEEES4_IJSD_EEEEbRKT_RKT0_
FN:636,640,_ZN7testing8internal11TuplePrefixILm1EE7MatchesISt5tupleIJNS_7MatcherImEEEES4_IJmEEEEbRKT_RKT0_
FN:647,673,_ZN7testing8internal11TuplePrefixILm1EE22ExplainMatchFailuresToISt5tupleIJNS_7MatcherIRKNSt7__cxx1112basic_stringIcSt11char_traitsIcESaIcEEEEEEES4_IJSD_EEEEvRKT_RKT0_PSo
FN:647,673,_ZN7testing8internal11TuplePrefixILm1EE22ExplainMatchFailuresToISt5tupleIJNS_7MatcherImEEEES4_IJmEEEEvRKT_RKT0_PSo
FN:681,684,_ZN7testing8internal11TuplePrefixILm0EE7MatchesISt5tupleIJNS_7MatcherIRKNSt7__cxx1112basic_stringIcSt11char_traitsIcESaIcEEEEEEES4_IJSD_EEEEbRKT_RKT0_
FN:681,684,_ZN7testing8internal11TuplePrefixILm0EE7MatchesISt5tupleIJNS_7MatcherImEEEES4_IJmEEEEbRKT_RKT0_
FN:687,689,_ZN7testing8internal11TuplePrefixILm0EE22ExplainMatchFailuresToISt5tupleIJNS_7MatcherIRKNSt7__cxx1112basic_stringIcSt11char_traitsIcESaIcEEEEEEES4_IJSD_EEEEvRKT_RKT0_PSo
FN:687,689,_ZN7testing8internal11TuplePrefixILm0EE22ExplainMatchFailuresToISt5tupleIJNS_7MatcherImEEEES4_IJmEEEEvRKT_RKT0_PSo
FN:698,707,_ZN7testing8internal12TupleMatchesISt5tupleIJNS_7MatcherIRKNSt7__cxx1112basic_stringIcSt11char_traitsIcESaIcEEEEEEES2_IJSB_EEEEbRKT_RKT0_
FN:698,707,_ZN7testing8internal12TupleMatchesISt5tupleIJNS_7MatcherImEEEES2_IJmEEEEbRKT_RKT0_
FN:712,716,_ZN7testing8internal26ExplainMatchFailureTupleToISt5tupleIJNS_7MatcherIRKNSt7__cxx1112basic_stringIcSt11char_traitsIcESaIcEEEEEEES2_IJSB_EEEEvRKT_RKT0_PSo
FN:712,716,_ZN7testing8internal26ExplainMatchFailureTupleToISt5tupleIJNS_7MatcherImEEEES2_IJmEEEEvRKT_RKT0_PSo
FN:767,769,_ZNK7testing8internal15AnythingMatcher15MatchAndExplainINSt7__cxx1112basic_stringIcSt11char_traitsIcESaIcEEEEEbRKT_PSo
FN:767,769,_ZNK7testing8internal15AnythingMatcher15MatchAndExplainISt5tupleIJRKNSt7__cxx1112basic_stringIcSt11char_traitsIcESaIcEEEEEEEbRKT_PSo
FN:767,769,_ZNK7testing8internal15AnythingMatcher15MatchAndExplainISt5tupleIJmEEEEbRKT_PSo
FN:770,770,_ZNK7testing8internal15AnythingMatcher10DescribeToEPSo
FN:771,776,_ZNK7testing8internal15AnythingMatcher18DescribeNegationToEPSo
FNDA:0,_ZN7testing25StringMatchResultListenerC2Ev
FNDA:0,_ZNK7testing25StringMatchResultListener3strB5cxx11Ev
FNDA:5,_ZN7testing1AIRKSt5tupleIJRKNSt7__cxx1112basic_stringIcSt11char_traitsIcESaIcEEEEEEENS_7MatcherIT_EEv
FNDA:1,_ZN7testing1AIRKSt5tupleIJmEEEENS_7MatcherIT_EEv
FNDA:0,_ZN7testing8internal15PrintIfNotEmptyERKNSt7__cxx1112basic_stringIcSt11char_traitsIcESaIcEEEPSo
FNDA:5,_ZN7testing8internal11TuplePrefixILm1EE7MatchesISt5tupleIJNS_7MatcherIRKNSt7__cxx1112basic_stringIcSt11char_traitsIcESaIcEEEEEEES4_IJSD_EEEEbRKT_RKT0_
FNDA:1,_ZN7testing8internal11TuplePrefixILm1EE7MatchesISt5tupleIJNS_7MatcherImEEEES4_IJmEEEEbRKT_RKT0_
FNDA:0,_ZN7testing8internal11TuplePrefixILm1EE22ExplainMatchFailuresToISt5tupleIJNS_7MatcherIRKNSt7__cxx1112basic_stringIcSt11char_traitsIcESaIcEEEEEEES4_IJSD_EEEEvRKT_RKT0_PSo
FNDA:0,_ZN7testing8internal11TuplePrefixILm1EE22ExplainMatchFailuresToISt5tupleIJNS_7MatcherImEEEES4_IJmEEEEvRKT_RKT0_PSo
FNDA:5,_ZN7testing8internal11TuplePrefixILm0EE7MatchesISt5tupleIJNS_7MatcherIRKNSt7__cxx1112basic_stringIcSt11char_traitsIcESaIcEEEEEEES4_IJSD_EEEEbRKT_RKT0_
FNDA:1,_ZN7testing8internal11TuplePrefixILm0EE7MatchesISt5tupleIJNS_7MatcherImEEEES4_IJmEEEEbRKT_RKT0_
FNDA:0,_ZN7testing8internal11TuplePrefixILm0EE22ExplainMatchFailuresToISt5tupleIJNS_7MatcherIRKNSt7__cxx1112basic_stringIcSt11char_traitsIcESaIcEEEEEEES4_IJSD_EEEEvRKT_RKT0_PSo
FNDA:0,_ZN7testing8internal11TuplePrefixILm0EE22ExplainMatchFailuresToISt5tupleIJNS_7MatcherImEEEES4_IJmEEEEvRKT_RKT0_PSo
FNDA:5,_ZN7testing8internal12TupleMatchesISt5tupleIJNS_7MatcherIRKNSt7__cxx1112basic_stringIcSt11char_traitsIcESaIcEEEEEEES2_IJSB_EEEEbRKT_RKT0_
FNDA:1,_ZN7testing8internal12TupleMatchesISt5tupleIJNS_7MatcherImEEEES2_IJmEEEEbRKT_RKT0_
FNDA:0,_ZN7testing8internal26ExplainMatchFailureTupleToISt5tupleIJNS_7MatcherIRKNSt7__cxx1112basic_stringIcSt11char_traitsIcESaIcEEEEEEES2_IJSB_EEEEvRKT_RKT0_PSo
FNDA:0,_ZN7testing8internal26ExplainMatchFailureTupleToISt5tupleIJNS_7MatcherImEEEES2_IJmEEEEvRKT_RKT0_PSo
FNDA:1,_ZNK7testing8internal15AnythingMatcher15MatchAndExplainINSt7__cxx1112basic_stringIcSt11char_traitsIcESaIcEEEEEbRKT_PSo
FNDA:5,_ZNK7testing8internal15AnythingMatcher15MatchAndExplainISt5tupleIJRKNSt7__cxx1112basic_stringIcSt11char_traitsIcESaIcEEEEEEEbRKT_PSo
FNDA:1,_ZNK7testing8internal15AnythingMatcher15MatchAndExplainISt5tupleIJmEEEEbRKT_PSo
FNDA:0,_ZNK7testing8internal15AnythingMatcher10DescribeToEPSo
FNDA:0,_ZNK7testing8internal15AnythingMatcher18DescribeNegationToEPSo
FNF:22
FNH:11
DA:309,0
DA:312,0
DA:582,0
DA:584,0
DA:585,0
DA:587,0
DA:636,6
DA:638,12
DA:639,12
DA:647,0
DA:651,0
DA:655,0
DA:656,0
DA:658,0
DA:659,0
DA:660,0
DA:661,0
DA:662,0
DA:663,0
DA:669,0
DA:670,0
DA:671,0
DA:673,0
DA:681,6
DA:683,6
DA:687,0
DA:689,0
DA:698,6
DA:705,6
DA:706,6
DA:712,0
DA:714,0
DA:716,0
DA:767,7
DA:768,7
DA:770,0
DA:771,0
DA:775,0
DA:776,0
DA:4502,6
DA:4503,6
LF:41
LH:12
end_of_record
TN:
SF:/home/shasdor/CalcGTestHomeTask/CalcGTest/build/_deps/googletest-src/googlemock/include/gmock/gmock-spec-builders.h
FN:1003,1010,_ZN7testing8internal16TypedExpectationIFSt6vectorINSt7__cxx1112basic_stringIcSt11char_traitsIcESaIcEEESaIS8_EEmEE8WillOnceENS_10OnceActionISB_EE
FN:1018,1030,_ZN7testing8internal16TypedExpectationIFSt6vectorINSt7__cxx1112basic_stringIcSt11char_traitsIcESaIcEEESaIS8_EEmEE8WillOnceIJEvEERSC_NS_6ActionISB_EE
FN:1081,1081,_ZNK7testing8internal16TypedExpectationIFSt6vectorINSt7__cxx1112basic_stringIcSt11char_traitsIcESaIcEEESaIS8_EEmEE15repeated_actionEv
FN:1081,1081,_ZNK7testing8internal16TypedExpectationIFvRKNSt7__cxx1112basic_stringIcSt11char_traitsIcESaIcEEEEE15repeated_actionEv
FN:1085,1091,_ZN7testing8internal16TypedExpectationIFSt6vectorINSt7__cxx1112basic_stringIcSt11char_traitsIcESaIcEEESaIS8_EEmEE27MaybeDescribeExtraMatcherToEPSo
FN:1085,1091,_ZN7testing8internal16TypedExpectationIFvRKNSt7__cxx1112basic_stringIcSt11char_traitsIcESaIcEEEEE27MaybeDescribeExtraMatcherToEPSo
FN:1102,1104,_ZNK7testing8internal16TypedExpectationIFSt6vectorINSt7__cxx1112basic_stringIcSt11char_traitsIcESaIcEEESaIS8_EEmEE13ActionAdaptorclEOm
FN:1109,1109,_ZN7testing8internal16TypedExpectationIFSt6vectorINSt7__cxx1112basic_stringIcSt11char_traitsIcESaIcEEESaIS8_EEmEE9GetHandleEv
FN:1109,1109,_ZN7testing8internal16TypedExpectationIFvRKNSt7__cxx1112basic_stringIcSt11char_traitsIcESaIcEEEEE9GetHandleEv
FN:1116,1120,_ZNK7testing8internal16TypedExpectationIFSt6vectorINSt7__cxx1112basic_stringIcSt11char_traitsIcESaIcEEESaIS8_EEmEE7MatchesERKSt5tupleIJmEE
FN:1116,1120,_ZNK7testing8internal16TypedExpectationIFvRKNSt7__cxx1112basic_stringIcSt11char_traitsIcESaIcEEEEE7MatchesERKSt5tupleIJS9_EE
FN:1124,1134,_ZNK7testing8internal16TypedExpectationIFSt6vectorINSt7__cxx1112basic_stringIcSt11char_traitsIcESaIcEEESaIS8_EEmEE21ShouldHandleArgumentsERKSt5tupleIJmEE
FN:1124,1134,_ZNK7testing8internal16TypedExpectationIFvRKNSt7__cxx1112basic_stringIcSt11char_traitsIcESaIcEEEEE21ShouldHandleArgumentsERKSt5tupleIJS9_EE
FN:1138,1178,_ZNK7testing8internal16TypedExpectationIFSt6vectorINSt7__cxx1112basic_stringIcSt11char_traitsIcESaIcEEESaIS8_EEmEE20ExplainMatchResultToERKSt5tupleIJmEEPSo
FN:1138,1178,_ZNK7testing8internal16TypedExpectationIFvRKNSt7__cxx1112basic_stringIcSt11char_traitsIcESaIcEEEEE20ExplainMatchResultToERKSt5tupleIJS9_EEPSo
FN:1181,1209,_ZNK7testing8internal16TypedExpectationIFSt6vectorINSt7__cxx1112basic_stringIcSt11char_traitsIcESaIcEEESaIS8_EEmEE16GetCurrentActionEPKNS0_14FunctionMockerISB_EERKSt5tupleIJmEE
FN:1181,1209,_ZNK7testing8internal16TypedExpectationIFvRKNSt7__cxx1112basic_stringIcSt11char_traitsIcESaIcEEEEE16GetCurrentActionEPKNS0_14FunctionMockerISA_EERKSt5tupleIJS9_EE
FN:1218,1253,_ZN7testing8internal16TypedExpectationIFSt6vectorINSt7__cxx1112basic_stringIcSt11char_traitsIcESaIcEEESaIS8_EEmEE21GetActionForArgumentsEPKNS0_14FunctionMockerISB_EERKSt5tupleIJmEEPSoSL_
FN:1218,1253,_ZN7testing8internal16TypedExpectationIFvRKNSt7__cxx1112basic_stringIcSt11char_traitsIcESaIcEEEEE21GetActionForArgumentsEPKNS0_14FunctionMockerISA_EERKSt5tupleIJS9_EEPSoSK_
FN:1290,1292,_ZN7testing8internal8MockSpecIFSt6vectorINSt7__cxx1112basic_stringIcSt11char_traitsIcESaIcEEESaIS8_EEmEEC2EPNS0_14FunctionMockerISB_EERKSt5tupleIJNS_7MatcherImEEEE
FN:1290,1292,_ZN7testing8internal8MockSpecIFvRKNSt7__cxx1112basic_stringIcSt11char_traitsIcESaIcEEEEEC2EPNS0_14FunctionMockerISA_EERKSt5tupleIJNS_7MatcherIS9_EEEE
FN:1306,1314,_ZN7testing8internal8MockSpecIFSt6vectorINSt7__cxx1112basic_stringIcSt11char_traitsIcESaIcEEESaIS8_EEmEE18InternalExpectedAtEPKciSE_SE_
FN:1306,1314,_ZN7testing8internal8MockSpecIFvRKNSt7__cxx1112basic_stringIcSt11char_traitsIcESaIcEEEEE18InternalExpectedAtEPKciSD_SD_
FN:1319,1321,_ZN7testing8internal8MockSpecIFSt6vectorINSt7__cxx1112basic_stringIcSt11char_traitsIcESaIcEEESaIS8_EEmEEclERKNS0_15WithoutMatchersEPv
FN:1319,1321,_ZN7testing8internal8MockSpecIFvRKNSt7__cxx1112basic_stringIcSt11char_traitsIcESaIcEEEEEclERKNS0_15WithoutMatchersEPv
FN:1381,1385,_ZN7testing8internal19PrintAsActionResultISt6vectorINSt7__cxx1112basic_stringIcSt11char_traitsIcESaIcEEESaIS8_EEEEvRKT_RSo
FN:1406,1408,_ZN7testing8internal25UntypedFunctionMockerBase31UninterestingCallCleanupHandlerD2Ev
FN:1419,1434,_ZN7testing8internal25UntypedFunctionMockerBase21FailureCleanupHandlerD2Ev
FN:1449,1449,_ZN7testing8internal14FunctionMockerIFSt6vectorINSt7__cxx1112basic_stringIcSt11char_traitsIcESaIcEEESaIS8_EEmEEC2Ev
FN:1449,1449,_ZN7testing8internal14FunctionMockerIFvRKNSt7__cxx1112basic_stringIcSt11char_traitsIcESaIcEEEEEC2Ev
FN:1469,1474,_ZN7testing8internal14FunctionMockerIFSt6vectorINSt7__cxx1112basic_stringIcSt11char_traitsIcESaIcEEESaIS8_EEmEED0Ev
FN:1469,1474,_ZN7testing8internal14FunctionMockerIFSt6vectorINSt7__cxx1112basic_stringIcSt11char_traitsIcESaIcEEESaIS8_EEmEED2Ev
FN:1469,1474,_ZN7testing8internal14FunctionMockerIFvRKNSt7__cxx1112basic_stringIcSt11char_traitsIcESaIcEEEEED0Ev
FN:1469,1474,_ZN7testing8internal14FunctionMockerIFvRKNSt7__cxx1112basic_stringIcSt11char_traitsIcESaIcEEEEED2Ev
FN:1479,1488,_ZNK7testing8internal14FunctionMockerIFSt6vectorINSt7__cxx1112basic_stringIcSt11char_traitsIcESaIcEEESaIS8_EEmEE14FindOnCallSpecERKSt5tupleIJmEE
FN:1479,1488,_ZNK7testing8internal14FunctionMockerIFvRKNSt7__cxx1112basic_stringIcSt11char_traitsIcESaIcEEEEE14FindOnCallSpecERKSt5tupleIJS9_EE
FN:1497,1515,_ZNK7testing8internal14FunctionMockerIFSt6vectorINSt7__cxx1112basic_stringIcSt11char_traitsIcESaIcEEESaIS8_EEmEE20PerformDefaultActionEOSt5tupleIJmEERKS8_
FN:1497,1515,_ZNK7testing8internal14FunctionMockerIFvRKNSt7__cxx1112basic_stringIcSt11char_traitsIcESaIcEEEEE20PerformDefaultActionEOSt5tupleIJS9_EES9_
FN:1519,1542,_ZN7testing8internal14FunctionMockerIFSt6vectorINSt7__cxx1112basic_stringIcSt11char_traitsIcESaIcEEESaIS8_EEmEE25ClearDefaultActionsLockedEv
FN:1519,1542,_ZN7testing8internal14FunctionMockerIFvRKNSt7__cxx1112basic_stringIcSt11char_traitsIcESaIcEEEEE25ClearDefaultActionsLockedEv
FN:1547,1549,_ZN7testing8internal14FunctionMockerIFSt6vectorINSt7__cxx1112basic_stringIcSt11char_traitsIcESaIcEEESaIS8_EEmEE6InvokeEm
FN:1547,1549,_ZN7testing8internal14FunctionMockerIFvRKNSt7__cxx1112basic_stringIcSt11char_traitsIcESaIcEEEEE6InvokeES9_
FN:1551,1553,_ZN7testing8internal14FunctionMockerIFSt6vectorINSt7__cxx1112basic_stringIcSt11char_traitsIcESaIcEEESaIS8_EEmEE4WithENS_7MatcherImEE
FN:1551,1553,_ZN7testing8internal14FunctionMockerIFvRKNSt7__cxx1112basic_stringIcSt11char_traitsIcESaIcEEEEE4WithENS_7MatcherIS9_EE
FN:1570,1589,_ZN7testing8internal14FunctionMockerIFSt6vectorINSt7__cxx1112basic_stringIcSt11char_traitsIcESaIcEEESaIS8_EEmEE17AddNewExpectationEPKciRKS8_RKSt5tupleIJNS_7MatcherImEEEE
FN:1570,1589,_ZN7testing8internal14FunctionMockerIFvRKNSt7__cxx1112basic_stringIcSt11char_traitsIcESaIcEEEEE17AddNewExpectationEPKciS9_RKSt5tupleIJNS_7MatcherIS9_EEEE
FN:1600,1611,_ZNK7testing8internal14FunctionMockerIFSt6vectorINSt7__cxx1112basic_stringIcSt11char_traitsIcESaIcEEESaIS8_EEmEE23DescribeDefaultActionToERKSt5tupleIJmEEPSo
FN:1600,1611,_ZNK7testing8internal14FunctionMockerIFvRKNSt7__cxx1112basic_stringIcSt11char_traitsIcESaIcEEEEE23DescribeDefaultActionToERKSt5tupleIJS9_EEPSo
FN:1616,1625,_ZNK7testing8internal14FunctionMockerIFSt6vectorINSt7__cxx1112basic_stringIcSt11char_traitsIcESaIcEEESaIS8_EEmEE32UntypedDescribeUninterestingCallEPKvPSo
FN:1616,1625,_ZNK7testing8internal14FunctionMockerIFvRKNSt7__cxx1112basic_stringIcSt11char_traitsIcESaIcEEEEE32UntypedDescribeUninterestingCallEPKvPSo
FN:1643,1665,_ZN7testing8internal14FunctionMockerIFSt6vectorINSt7__cxx1112basic_stringIcSt11char_traitsIcESaIcEEESaIS8_EEmEE30UntypedFindMatchingExpectationEPKvPSE_PbPSoSH_
FN:1643,1665,_ZN7testing8internal14FunctionMockerIFvRKNSt7__cxx1112basic_stringIcSt11char_traitsIcESaIcEEEEE30UntypedFindMatchingExpectationEPKvPSD_PbPSoSG_
FN:1668,1673,_ZNK7testing8internal14FunctionMockerIFSt6vectorINSt7__cxx1112basic_stringIcSt11char_traitsIcESaIcEEESaIS8_EEmEE16UntypedPrintArgsEPKvPSo
FN:1668,1673,_ZNK7testing8internal14FunctionMockerIFvRKNSt7__cxx1112basic_stringIcSt11char_traitsIcESaIcEEEEE16UntypedPrintArgsEPKvPSo
FN:1677,1692,_ZNK7testing8internal14FunctionMockerIFSt6vectorINSt7__cxx1112basic_stringIcSt11char_traitsIcESaIcEEESaIS8_EEmEE29FindMatchingExpectationLockedERKSt5tupleIJmEE
FN:1677,1692,_ZNK7testing8internal14FunctionMockerIFvRKNSt7__cxx1112basic_stringIcSt11char_traitsIcESaIcEEEEE29FindMatchingExpectationLockedERKSt5tupleIJS9_EE
FN:1695,1703,_ZNK7testing8internal14FunctionMockerIFSt6vectorINSt7__cxx1112basic_stringIcSt11char_traitsIcESaIcEEESaIS8_EEmEE33FormatUnexpectedCallMessageLockedERKSt5tupleIJmEEPSoSH_
FN:1695,1703,_ZNK7testing8internal14FunctionMockerIFvRKNSt7__cxx1112basic_stringIcSt11char_traitsIcESaIcEEEEE33FormatUnexpectedCallMessageLockedERKSt5tupleIJS9_EEPSoSG_
FN:1707,1728,_ZNK7testing8internal14FunctionMockerIFSt6vectorINSt7__cxx1112basic_stringIcSt11char_traitsIcESaIcEEESaIS8_EEmEE28PrintTriedExpectationsLockedERKSt5tupleIJmEEPSo
FN:1707,1728,_ZNK7testing8internal14FunctionMockerIFvRKNSt7__cxx1112basic_stringIcSt11char_traitsIcESaIcEEEEE28PrintTriedExpectationsLockedERKSt5tupleIJS9_EEPSo
FN:1733,1743,_ZNK7testing8internal14FunctionMockerIFSt6vectorINSt7__cxx1112basic_stringIcSt11char_traitsIcESaIcEEESaIS8_EEmEE13PerformActionEPKvOSt5tupleIJmEERKS8_
FN:1733,1743,_ZNK7testing8internal14FunctionMockerIFvRKNSt7__cxx1112basic_stringIcSt11char_traitsIcESaIcEEEEE13PerformActionEPKvOSt5tupleIJS9_EES9_
FN:1758,1766,_ZN7testing8internal14FunctionMockerIFSt6vectorINSt7__cxx1112basic_stringIcSt11char_traitsIcESaIcEEESaIS8_EEmEE27PerformActionAndPrintResultISA_Li0EEESA_PKvOSt5tupleIJmEERKS8_RSo
FN:1773,1778,_ZN7testing8internal14FunctionMockerIFvRKNSt7__cxx1112basic_stringIcSt11char_traitsIcESaIcEEEEE27PerformActionAndPrintResultIvLi0EEEvPKvOSt5tupleIJS9_EES9_RSo
FN:1789,1896,_ZN7testing8internal14FunctionMockerIFSt6vectorINSt7__cxx1112basic_stringIcSt11char_traitsIcESaIcEEESaIS8_EEmEE10InvokeWithEOSt5tupleIJmEE
FN:1789,1896,_ZN7testing8internal14FunctionMockerIFvRKNSt7__cxx1112basic_stringIcSt11char_traitsIcESaIcEEEEE10InvokeWithEOSt5tupleIJS9_EE
FN:246,246,_ZNK7testing8internal21UntypedOnCallSpecBase4fileEv
FN:247,247,_ZNK7testing8internal21UntypedOnCallSpecBase4lineEv
FN:260,263,_ZNK7testing8internal21UntypedOnCallSpecBase18AssertSpecPropertyEbRKNSt7__cxx1112basic_stringIcSt11char_traitsIcESaIcEEE
FN:323,325,_ZNK7testing8internal10OnCallSpecIFSt6vectorINSt7__cxx1112basic_stringIcSt11char_traitsIcESaIcEEESaIS8_EEmEE7MatchesERKSt5tupleIJmEE
FN:323,325,_ZNK7testing8internal10OnCallSpecIFvRKNSt7__cxx1112basic_stringIcSt11char_traitsIcESaIcEEEEE7MatchesERKSt5tupleIJS9_EE
FN:328,333,_ZNK7testing8internal10OnCallSpecIFSt6vectorINSt7__cxx1112basic_stringIcSt11char_traitsIcESaIcEEESaIS8_EEmEE9GetActionEv
FN:328,333,_ZNK7testing8internal10OnCallSpecIFvRKNSt7__cxx1112basic_stringIcSt11char_traitsIcESaIcEEEEE9GetActionEv
FN:539,541,_ZNK7testing11Expectation16expectation_baseEv
FN:569,569,_ZN7testing14ExpectationSetC2Ev
FN:605,605,_ZNK7testing14ExpectationSet5beginEv
FN:606,606,_ZNK7testing14ExpectationSet3endEv
FN:693,693,_ZNK7testing8internal15ExpectationBase4fileEv
FN:694,694,_ZNK7testing8internal15ExpectationBase4lineEv
FN:695,695,_ZNK7testing8internal15ExpectationBase11source_textEv
FN:697,697,_ZNK7testing8internal15ExpectationBase11cardinalityEv
FN:700,702,_ZNK7testing8internal15ExpectationBase18DescribeLocationToEPSo
FN:748,751,_ZNK7testing8internal15ExpectationBase18ExpectSpecPropertyEbRKNSt7__cxx1112basic_stringIcSt11char_traitsIcESaIcEEE
FN:759,759,_ZNK7testing8internal15ExpectationBase21cardinality_specifiedEv
FN:762,764,_ZN7testing8internal15ExpectationBase15set_cardinalityERKNS_11CardinalityE
FN:774,777,_ZNK7testing8internal15ExpectationBase10is_retiredEv
FN:780,783,_ZN7testing8internal15ExpectationBase6RetireEv
FN:787,787,_ZNK7testing8internal15ExpectationBase14GetDescriptionB5cxx11Ev
FN:796,799,_ZNK7testing8internal15ExpectationBase11IsSaturatedEv
FN:817,820,_ZNK7testing8internal15ExpectationBase10call_countEv
FN:823,826,_ZN7testing8internal15ExpectationBase18IncrementCallCountEv
FN:887,897,_ZN7testing8internal16TypedExpectationIFSt6vectorINSt7__cxx1112basic_stringIcSt11char_traitsIcESaIcEEESaIS8_EEmEEC2EPNS0_14FunctionMockerISB_EEPKciRKS8_RKSt5tupleIJNS_7MatcherImEEEE
FN:887,897,_ZN7testing8internal16TypedExpectationIFvRKNSt7__cxx1112basic_stringIcSt11char_traitsIcESaIcEEEEEC2EPNS0_14FunctionMockerISA_EEPKciS9_RKSt5tupleIJNS_7MatcherIS9_EEEE
FN:899,907,_ZN7testing8internal16TypedExpectationIFSt6vectorINSt7__cxx1112basic_stringIcSt11char_traitsIcESaIcEEESaIS8_EEmEED0Ev
FN:899,907,_ZN7testing8internal16TypedExpectationIFSt6vectorINSt7__cxx1112basic_stringIcSt11char_traitsIcESaIcEEESaIS8_EEmEED2Ev
FN:899,907,_ZN7testing8internal16TypedExpectationIFvRKNSt7__cxx1112basic_stringIcSt11char_traitsIcESaIcEEEEED0Ev
FN:899,907,_ZN7testing8internal16TypedExpectationIFvRKNSt7__cxx1112basic_stringIcSt11char_traitsIcESaIcEEEEED2Ev
FN:935,938,_ZN7testing8internal16TypedExpectationIFSt6vectorINSt7__cxx1112basic_stringIcSt11char_traitsIcESaIcEEESaIS8_EEmEE5TimesERKNS_11CardinalityE
FN:935,938,_ZN7testing8internal16TypedExpectationIFvRKNSt7__cxx1112basic_stringIcSt11char_traitsIcESaIcEEEEE5TimesERKNS_11CardinalityE
FN:941,941,_ZN7testing8internal16TypedExpectationIFSt6vectorINSt7__cxx1112basic_stringIcSt11char_traitsIcESaIcEEESaIS8_EEmEE5TimesEi
FN:941,941,_ZN7testing8internal16TypedExpectationIFvRKNSt7__cxx1112basic_stringIcSt11char_traitsIcESaIcEEEEE5TimesEi
FNDA:1,_ZN7testing8internal16TypedExpectationIFSt6vectorINSt7__cxx1112basic_stringIcSt11char_traitsIcESaIcEEESaIS8_EEmEE8WillOnceENS_10OnceActionISB_EE
FNDA:1,_ZN7testing8internal16TypedExpectationIFSt6vectorINSt7__cxx1112basic_stringIcSt11char_traitsIcESaIcEEESaIS8_EEmEE8WillOnceIJEvEERSC_NS_6ActionISB_EE
FNDA:0,_ZNK7testing8internal16TypedExpectationIFSt6vectorINSt7__cxx1112basic_stringIcSt11char_traitsIcESaIcEEESaIS8_EEmEE15repeated_actionEv
FNDA:5,_ZNK7testing8internal16TypedExpectationIFvRKNSt7__cxx1112basic_stringIcSt11char_traitsIcESaIcEEEEE15repeated_actionEv
FNDA:0,_ZN7testing8internal16TypedExpectationIFSt6vectorINSt7__cxx1112basic_stringIcSt11char_traitsIcESaIcEEESaIS8_EEmEE27MaybeDescribeExtraMatcherToEPSo
FNDA:0,_ZN7testing8internal16TypedExpectationIFvRKNSt7__cxx1112basic_stringIcSt11char_traitsIcESaIcEEEEE27MaybeDescribeExtraMatcherToEPSo
FNDA:1,_ZNK7testing8internal16TypedExpectationIFSt6vectorINSt7__cxx1112basic_stringIcSt11char_traitsIcESaIcEEESaIS8_EEmEE13ActionAdaptorclEOm
FNDA:0,_ZN7testing8internal16TypedExpectationIFSt6vectorINSt7__cxx1112basic_stringIcSt11char_traitsIcESaIcEEESaIS8_EEmEE9GetHandleEv
FNDA:0,_ZN7testing8internal16TypedExpectationIFvRKNSt7__cxx1112basic_stringIcSt11char_traitsIcESaIcEEEEE9GetHandleEv
FNDA:1,_ZNK7testing8internal16TypedExpectationIFSt6vectorINSt7__cxx1112basic_stringIcSt11char_traitsIcESaIcEEESaIS8_EEmEE7MatchesERKSt5tupleIJmEE
FNDA:5,_ZNK7testing8internal16TypedExpectationIFvRKNSt7__cxx1112basic_stringIcSt11char_traitsIcESaIcEEEEE7MatchesERKSt5tupleIJS9_EE
FNDA:1,_ZNK7testing8internal16TypedExpectationIFSt6vectorINSt7__cxx1112basic_stringIcSt11char_traitsIcESaIcEEESaIS8_EEmEE21ShouldHandleArgumentsERKSt5tupleIJmEE
FNDA:5,_ZNK7testing8internal16TypedExpectationIFvRKNSt7__cxx1112basic_stringIcSt11char_traitsIcESaIcEEEEE21ShouldHandleArgumentsERKSt5tupleIJS9_EE
FNDA:0,_ZNK7testing8internal16TypedExpectationIFSt6vectorINSt7__cxx1112basic_stringIcSt11char_traitsIcESaIcEEESaIS8_EEmEE20ExplainMatchResultToERKSt5tupleIJmEEPSo
FNDA:0,_ZNK7testing8internal16TypedExpectationIFvRKNSt7__cxx1112basic_stringIcSt11char_traitsIcESaIcEEEEE20ExplainMatchResultToERKSt5tupleIJS9_EEPSo
FNDA:1,_ZNK7testing8internal16TypedExpectationIFSt6vectorINSt7__cxx1112basic_stringIcSt11char_traitsIcESaIcEEESaIS8_EEmEE16GetCurrentActionEPKNS0_14FunctionMockerISB_EERKSt5tupleIJmEE
FNDA:5,_ZNK7testing8internal16TypedExpectationIFvRKNSt7__cxx1112basic_stringIcSt11char_traitsIcESaIcEEEEE16GetCurrentActionEPKNS0_14FunctionMockerISA_EERKSt5tupleIJS9_EE
FNDA:1,_ZN7testing8internal16TypedExpectationIFSt6vectorINSt7__cxx1112basic_stringIcSt11char_traitsIcESaIcEEESaIS8_EEmEE21GetActionForArgumentsEPKNS0_14FunctionMockerISB_EERKSt5tupleIJmEEPSoSL_
FNDA:5,_ZN7testing8internal16TypedExpectationIFvRKNSt7__cxx1112basic_stringIcSt11char_traitsIcESaIcEEEEE21GetActionForArgumentsEPKNS0_14FunctionMockerISA_EERKSt5tupleIJS9_EEPSoSK_
FNDA:1,_ZN7testing8internal8MockSpecIFSt6vectorINSt7__cxx1112basic_stringIcSt11char_traitsIcESaIcEEESaIS8_EEmEEC2EPNS0_14FunctionMockerISB_EERKSt5tupleIJNS_7MatcherImEEEE
FNDA:5,_ZN7testing8internal8MockSpecIFvRKNSt7__cxx1112basic_stringIcSt11char_traitsIcESaIcEEEEEC2EPNS0_14FunctionMockerISA_EERKSt5tupleIJNS_7MatcherIS9_EEEE
FNDA:1,_ZN7testing8internal8MockSpecIFSt6vectorINSt7__cxx1112basic_stringIcSt11char_traitsIcESaIcEEESaIS8_EEmEE18InternalExpectedAtEPKciSE_SE_
FNDA:5,_ZN7testing8internal8MockSpecIFvRKNSt7__cxx1112basic_stringIcSt11char_traitsIcESaIcEEEEE18InternalExpectedAtEPKciSD_SD_
FNDA:1,_ZN7testing8internal8MockSpecIFSt6vectorINSt7__cxx1112basic_stringIcSt11char_traitsIcESaIcEEESaIS8_EEmEEclERKNS0_15WithoutMatchersEPv
FNDA:5,_ZN7testing8internal8MockSpecIFvRKNSt7__cxx1112basic_stringIcSt11char_traitsIcESaIcEEEEEclERKNS0_15WithoutMatchersEPv
FNDA:0,_ZN7testing8internal19PrintAsActionResultISt6vectorINSt7__cxx1112basic_stringIcSt11char_traitsIcESaIcEEESaIS8_EEEEvRKT_RSo
FNDA:0,_ZN7testing8internal25UntypedFunctionMockerBase31UninterestingCallCleanupHandlerD2Ev
FNDA:0,_ZN7testing8internal25UntypedFunctionMockerBase21FailureCleanupHandlerD2Ev
FNDA:3,_ZN7testing8internal14FunctionMockerIFSt6vectorINSt7__cxx1112basic_stringIcSt11char_traitsIcESaIcEEESaIS8_EEmEEC2Ev
FNDA:3,_ZN7testing8internal14FunctionMockerIFvRKNSt7__cxx1112basic_stringIcSt11char_traitsIcESaIcEEEEEC2Ev
FNDA:0,_ZN7testing8internal14FunctionMockerIFSt6vectorINSt7__cxx1112basic_stringIcSt11char_traitsIcESaIcEEESaIS8_EEmEED0Ev
FNDA:3,_ZN7testing8internal14FunctionMockerIFSt6vectorINSt7__cxx1112basic_stringIcSt11char_traitsIcESaIcEEESaIS8_EEmEED2Ev
FNDA:0,_ZN7testing8internal14FunctionMockerIFvRKNSt7__cxx1112basic_stringIcSt11char_traitsIcESaIcEEEEED0Ev
FNDA:3,_ZN7testing8internal14FunctionMockerIFvRKNSt7__cxx1112basic_stringIcSt11char_traitsIcESaIcEEEEED2Ev
FNDA:0,_ZNK7testing8internal14FunctionMockerIFSt6vectorINSt7__cxx1112basic_stringIcSt11char_traitsIcESaIcEEESaIS8_EEmEE14FindOnCallSpecERKSt5tupleIJmEE
FNDA:5,_ZNK7testing8internal14FunctionMockerIFvRKNSt7__cxx1112basic_stringIcSt11char_traitsIcESaIcEEEEE14FindOnCallSpecERKSt5tupleIJS9_EE
FNDA:0,_ZNK7testing8internal14FunctionMockerIFSt6vectorINSt7__cxx1112basic_stringIcSt11char_traitsIcESaIcEEESaIS8_EEmEE20PerformDefaultActionEOSt5tupleIJmEERKS8_
FNDA:5,_ZNK7testing8internal14FunctionMockerIFvRKNSt7__cxx1112basic_stringIcSt11char_traitsIcESaIcEEEEE20PerformDefaultActionEOSt5tupleIJS9_EES9_
FNDA:3,_ZN7testing8internal14FunctionMockerIFSt6vectorINSt7__cxx1112basic_stringIcSt11char_traitsIcESaIcEEESaIS8_EEmEE25ClearDefaultActionsLockedEv
FNDA:3,_ZN7testing8internal14FunctionMockerIFvRKNSt7__cxx1112basic_stringIcSt11char_traitsIcESaIcEEEEE25ClearDefaultActionsLockedEv
FNDA:1,_ZN7testing8internal14FunctionMockerIFSt6vectorINSt7__cxx1112basic_stringIcSt11char_traitsIcESaIcEEESaIS8_EEmEE6InvokeEm
FNDA:5,_ZN7testing8internal14FunctionMockerIFvRKNSt7__cxx1112basic_stringIcSt11char_traitsIcESaIcEEEEE6InvokeES9_
FNDA:1,_ZN7testing8internal14FunctionMockerIFSt6vectorINSt7__cxx1112basic_stringIcSt11char_traitsIcESaIcEEESaIS8_EEmEE4WithENS_7MatcherImEE
FNDA:5,_ZN7testing8internal14FunctionMockerIFvRKNSt7__cxx1112basic_stringIcSt11char_traitsIcESaIcEEEEE4WithENS_7MatcherIS9_EE
FNDA:1,_ZN7testing8internal14FunctionMockerIFSt6vectorINSt7__cxx1112basic_stringIcSt11char_traitsIcESaIcEEESaIS8_EEmEE17AddNewExpectationEPKciRKS8_RKSt5tupleIJNS_7MatcherImEEEE
FNDA:5,_ZN7testing8internal14FunctionMockerIFvRKNSt7__cxx1112basic_stringIcSt11char_traitsIcESaIcEEEEE17AddNewExpectationEPKciS9_RKSt5tupleIJNS_7MatcherIS9_EEEE
FNDA:0,_ZNK7testing8internal14FunctionMockerIFSt6vectorINSt7__cxx1112basic_stringIcSt11char_traitsIcESaIcEEESaIS8_EEmEE23DescribeDefaultActionToERKSt5tupleIJmEEPSo
FNDA:0,_ZNK7testing8internal14FunctionMockerIFvRKNSt7__cxx1112basic_stringIcSt11char_traitsIcESaIcEEEEE23DescribeDefaultActionToERKSt5tupleIJS9_EEPSo
FNDA:0,_ZNK7testing8internal14FunctionMockerIFSt6vectorINSt7__cxx1112basic_stringIcSt11char_traitsIcESaIcEEESaIS8_EEmEE32UntypedDescribeUninterestingCallEPKvPSo
FNDA:0,_ZNK7testing8internal14FunctionMockerIFvRKNSt7__cxx1112basic_stringIcSt11char_traitsIcESaIcEEEEE32UntypedDescribeUninterestingCallEPKvPSo
FNDA:1,_ZN7testing8internal14FunctionMockerIFSt6vectorINSt7__cxx1112basic_stringIcSt11char_traitsIcESaIcEEESaIS8_EEmEE30UntypedFindMatchingExpectationEPKvPSE_PbPSoSH_
FNDA:5,_ZN7testing8internal14FunctionMockerIFvRKNSt7__cxx1112basic_stringIcSt11char_traitsIcESaIcEEEEE30UntypedFindMatchingExpectationEPKvPSD_PbPSoSG_
FNDA:0,_ZNK7testing8internal14FunctionMockerIFSt6vectorINSt7__cxx1112basic_stringIcSt11char_traitsIcESaIcEEESaIS8_EEmEE16UntypedPrintArgsEPKvPSo
FNDA:0,_ZNK7testing8internal14FunctionMockerIFvRKNSt7__cxx1112basic_stringIcSt11char_traitsIcESaIcEEEEE16UntypedPrintArgsEPKvPSo
FNDA:1,_ZNK7testing8internal14FunctionMockerIFSt6vectorINSt7__cxx1112basic_stringIcSt11char_traitsIcESaIcEEESaIS8_EEmEE29FindMatchingExpectationLockedERKSt5tupleIJmEE
FNDA:5,_ZNK7testing8internal14FunctionMockerIFvRKNSt7__cxx1112basic_stringIcSt11char_traitsIcESaIcEEEEE29FindMatchingExpectationLockedERKSt5tupleIJS9_EE
FNDA:0,_ZNK7testing8internal14FunctionMockerIFSt6vectorINSt7__cxx1112basic_stringIcSt11char_traitsIcESaIcEEESaIS8_EEmEE33FormatUnexpectedCallMessageLockedERKSt5tupleIJmEEPSoSH_
FNDA:0,_ZNK7testing8internal14FunctionMockerIFvRKNSt7__cxx1112basic_stringIcSt11char_traitsIcESaIcEEEEE33FormatUnexpectedCallMessageLockedERKSt5tupleIJS9_EEPSoSG_
FNDA:0,_ZNK7testing8internal14FunctionMockerIFSt6vectorINSt7__cxx1112basic_stringIcSt11char_traitsIcESaIcEEESaIS8_EEmEE28PrintTriedExpectationsLockedERKSt5tupleIJmEEPSo
FNDA:0,_ZNK7testing8internal14FunctionMockerIFvRKNSt7__cxx1112basic_stringIcSt11char_traitsIcESaIcEEEEE28PrintTriedExpectationsLockedERKSt5tupleIJS9_EEPSo
FNDA:1,_ZNK7testing8internal14FunctionMockerIFSt6vectorINSt7__cxx1112basic_stringIcSt11char_traitsIcESaIcEEESaIS8_EEmEE13PerformActionEPKvOSt5tupleIJmEERKS8_
FNDA:5,_ZNK7testing8internal14FunctionMockerIFvRKNSt7__cxx1112basic_stringIcSt11char_traitsIcESaIcEEEEE13PerformActionEPKvOSt5tupleIJS9_EES9_
FNDA:0,_ZN7testing8internal14FunctionMockerIFSt6vectorINSt7__cxx1112basic_stringIcSt11char_traitsIcESaIcEEESaIS8_EEmEE27PerformActionAndPrintResultISA_Li0EEESA_PKvOSt5tupleIJmEERKS8_RSo
FNDA:0,_ZN7testing8internal14FunctionMockerIFvRKNSt7__cxx1112basic_stringIcSt11char_traitsIcESaIcEEEEE27PerformActionAndPrintResultIvLi0EEEvPKvOSt5tupleIJS9_EES9_RSo
FNDA:1,_ZN7testing8internal14FunctionMockerIFSt6vectorINSt7__cxx1112basic_stringIcSt11char_traitsIcESaIcEEESaIS8_EEmEE10InvokeWithEOSt5tupleIJmEE
FNDA:5,_ZN7testing8internal14FunctionMockerIFvRKNSt7__cxx1112basic_stringIcSt11char_traitsIcESaIcEEEEE10InvokeWithEOSt5tupleIJS9_EE
FNDA:0,_ZNK7testing8internal21UntypedOnCallSpecBase4fileEv
FNDA:0,_ZNK7testing8internal21UntypedOnCallSpecBase4lineEv
FNDA:0,_ZNK7testing8internal21UntypedOnCallSpecBase18AssertSpecPropertyEbRKNSt7__cxx1112basic_stringIcSt11char_traitsIcESaIcEEE
FNDA:0,_ZNK7testing8internal10OnCallSpecIFSt6vectorINSt7__cxx1112basic_stringIcSt11char_traitsIcESaIcEEESaIS8_EEmEE7MatchesERKSt5tupleIJmEE
FNDA:0,_ZNK7testing8internal10OnCallSpecIFvRKNSt7__cxx1112basic_stringIcSt11char_traitsIcESaIcEEEEE7MatchesERKSt5tupleIJS9_EE
FNDA:0,_ZNK7testing8internal10OnCallSpecIFSt6vectorINSt7__cxx1112basic_stringIcSt11char_traitsIcESaIcEEESaIS8_EEmEE9GetActionEv
FNDA:0,_ZNK7testing8internal10OnCallSpecIFvRKNSt7__cxx1112basic_stringIcSt11char_traitsIcESaIcEEEEE9GetActionEv
FNDA:0,_ZNK7testing11Expectation16expectation_baseEv
FNDA:6,_ZN7testing14ExpectationSetC2Ev
FNDA:12,_ZNK7testing14ExpectationSet5beginEv
FNDA:12,_ZNK7testing14ExpectationSet3endEv
FNDA:0,_ZNK7testing8internal15ExpectationBase4fileEv
FNDA:0,_ZNK7testing8internal15ExpectationBase4lineEv
FNDA:6,_ZNK7testing8internal15ExpectationBase11source_textEv
FNDA:36,_ZNK7testing8internal15ExpectationBase11cardinalityEv
FNDA:0,_ZNK7testing8internal15ExpectationBase18DescribeLocationToEPSo
FNDA:7,_ZNK7testing8internal15ExpectationBase18ExpectSpecPropertyEbRKNSt7__cxx1112basic_stringIcSt11char_traitsIcESaIcEEE
FNDA:1,_ZNK7testing8internal15ExpectationBase21cardinality_specifiedEv
FNDA:0,_ZN7testing8internal15ExpectationBase15set_cardinalityERKNS_11CardinalityE
FNDA:12,_ZNK7testing8internal15ExpectationBase10is_retiredEv
FNDA:0,_ZN7testing8internal15ExpectationBase6RetireEv
FNDA:6,_ZNK7testing8internal15ExpectationBase14GetDescriptionB5cxx11Ev
FNDA:12,_ZNK7testing8internal15ExpectationBase11IsSaturatedEv
FNDA:6,_ZNK7testing8internal15ExpectationBase10call_countEv
FNDA:6,_ZN7testing8internal15ExpectationBase18IncrementCallCountEv
FNDA:1,_ZN7testing8internal16TypedExpectationIFSt6vectorINSt7__cxx1112basic_stringIcSt11char_traitsIcESaIcEEESaIS8_EEmEEC2EPNS0_14FunctionMockerISB_EEPKciRKS8_RKSt5tupleIJNS_7MatcherImEEEE
FNDA:5,_ZN7testing8internal16TypedExpectationIFvRKNSt7__cxx1112basic_stringIcSt11char_traitsIcESaIcEEEEEC2EPNS0_14FunctionMockerISA_EEPKciS9_RKSt5tupleIJNS_7MatcherIS9_EEEE
FNDA:1,_ZN7testing8internal16TypedExpectationIFSt6vectorINSt7__cxx1112basic_stringIcSt11char_traitsIcESaIcEEESaIS8_EEmEED0Ev
FNDA:1,_ZN7testing8internal16TypedExpectationIFSt6vectorINSt7__cxx1112basic_stringIcSt11char_traitsIcESaIcEEESaIS8_EEmEED2Ev
FNDA:5,_ZN7testing8internal16TypedExpectationIFvRKNSt7__cxx1112basic_stringIcSt11char_traitsIcESaIcEEEEED0Ev
FNDA:5,_ZN7testing8internal16TypedExpectationIFvRKNSt7__cxx1112basic_stringIcSt11char_traitsIcESaIcEEEEED2Ev
FNDA:1,_ZN7testing8internal16TypedExpectationIFSt6vectorINSt7__cxx1112basic_stringIcSt11char_traitsIcESaIcEEESaIS8_EEmEE5TimesERKNS_11CardinalityE
FNDA:5,_ZN7testing8internal16TypedExpectationIFvRKNSt7__cxx1112basic_stringIcSt11char_traitsIcESaIcEEEEE5TimesERKNS_11CardinalityE
FNDA:1,_ZN7testing8internal16TypedExpectationIFSt6vectorINSt7__cxx1112basic_stringIcSt11char_traitsIcESaIcEEESaIS8_EEmEE5TimesEi
FNDA:4,_ZN7testing8internal16TypedExpectationIFvRKNSt7__cxx1112basic_stringIcSt11char_traitsIcESaIcEEEEE5TimesEi
FNF:101
FNH:62
DA:246,0
DA:247,0
DA:260,0
DA:262,0
DA:263,0
DA:323,0
DA:324,0
DA:328,0
DA:329,0
DA:332,0
DA:539,0
DA:540,0
DA:569,6
DA:605,12
DA:606,12
DA:693,0
DA:694,0
DA:695,6
DA:697,36
DA:700,0
DA:701,0
DA:702,0
DA:748,7
DA:750,7
DA:751,7
DA:759,1
DA:762,0
DA:763,0
DA:764,0
DA:774,12
DA:775,12
DA:776,12
DA:780,0
DA:781,0
DA:782,0
DA:783,0
DA:787,6
DA:796,12
DA:797,12
DA:798,12
DA:817,6
DA:818,6
DA:819,6
DA:823,6
DA:824,6
DA:825,6
DA:826,6
DA:887,6
DA:891,6
DA:892,6
DA:896,6
DA:897,12
DA:899,12
DA:902,6
DA:903,6
DA:904,7
DA:905,1
DA:907,18
DA:935,6
DA:936,6
DA:937,6
DA:941,5
DA:1003,1
DA:1007,2
DA:1008,1
DA:1009,2
DA:1010,1
DA:1018,1
DA:1019,2
DA:1022,1
DA:1024,1
DA:1026,1
DA:1027,0
DA:1029,1
DA:1081,5
DA:1085,0
DA:1086,0
DA:1087,0
DA:1088,0
DA:1089,0
DA:1091,0
DA:1102,1
DA:1103,1
DA:1109,0
DA:1116,6
DA:1118,6
DA:1119,6
DA:1124,6
DA:1126,6
DA:1132,6
DA:1133,6
DA:1138,0
DA:1140,0
DA:1142,0
DA:1144,0
DA:1145,0
DA:1146,0
DA:1147,0
DA:1149,0
DA:1150,0
DA:1151,0
DA:1152,0
DA:1153,0
DA:1155,0
DA:1156,0
DA:1158,0
DA:1161,0
DA:1162,0
DA:1163,0
DA:1164,0
DA:1165,0
DA:1166,0
DA:1167,0
DA:1168,0
DA:1170,0
DA:1171,0
DA:1176,0
DA:1178,0
DA:1181,6
DA:1184,6
DA:1185,6
DA:1186,6
DA:1190,6
DA:1191,6
DA:1195,0
DA:1196,0
DA:1198,0
DA:1200,0
DA:1201,0
DA:1202,0
DA:1203,0
DA:1206,7
DA:1207,1
DA:1208,6
DA:1218,6
DA:1223,6
DA:1224,6
DA:1225,6
DA:1227,0
DA:1228,0
DA:1229,0
DA:1230,0
DA:1232,0
DA:1233,0
DA:1234,0
DA:1236,0
DA:1239,6
DA:1240,6
DA:1242,6
DA:1243,0
DA:1247,6
DA:1248,6
DA:1249,0
DA:1251,6
DA:1252,6
DA:1290,6
DA:1292,6
DA:1306,6
DA:1309,6
DA:1311,6
DA:1312,12
DA:1313,12
DA:1314,6
DA:1319,6
DA:1320,6
DA:1381,0
DA:1382,0
DA:1384,0
DA:1385,0
DA:1406,0
DA:1407,0
DA:1408,0
DA:1419,0
DA:1420,0
DA:1422,0
DA:1424,0
DA:1425,0
DA:1427,0
DA:1428,0
DA:1432,0
DA:1434,0
DA:1449,6
DA:1469,6
DA:1470,6
DA:1471,6
DA:1472,6
DA:1473,6
DA:1474,12
DA:1479,5
DA:1480,5
DA:1482,5
DA:1483,0
DA:1484,0
DA:1487,5
DA:1497,5
DA:1499,5
DA:1500,5
DA:1501,0
DA:1503,5
DA:1508,5
DA:1509,0
DA:1514,5
DA:1515,5
DA:1519,6
DA:1521,6
DA:1530,6
DA:1531,6
DA:1533,6
DA:1534,6
DA:1535,6
DA:1536,0
DA:1541,6
DA:1542,6
DA:1547,6
DA:1548,6
DA:1551,6
DA:1552,6
DA:1570,6
DA:1574,6
DA:1575,0
DA:1576,6
DA:1577,6
DA:1580,6
DA:1583,6
DA:1584,6
DA:1585,0
DA:1588,6
DA:1589,6
DA:1600,0
DA:1602,0
DA:1604,0
DA:1605,0
DA:1609,0
DA:1611,0
DA:1616,0
DA:1619,0
DA:1621,0
DA:1622,0
DA:1623,0
DA:1624,0
DA:1625,0
DA:1643,6
DA:1647,6
DA:1649,6
DA:1650,6
DA:1651,6
DA:1652,0
DA:1653,0
DA:1659,6
DA:1660,6
DA:1661,6
DA:1662,5
DA:1663,6
DA:1664,6
DA:1665,6
DA:1668,0
DA:1670,0
DA:1672,0
DA:1673,0
DA:1677,6
DA:1679,6
DA:1682,6
DA:1684,6
DA:1686,6
DA:1687,6
DA:1688,6
DA:1691,0
DA:1695,0
DA:1699,0
DA:1700,0
DA:1701,0
DA:1702,0
DA:1703,0
DA:1707,0
DA:1710,0
DA:1711,0
DA:1712,0
DA:1715,0
DA:1716,0
DA:1718,0
DA:1719,0
DA:1720,0
DA:1721,0
DA:1722,0
DA:1724,0
DA:1725,0
DA:1726,0
DA:1728,0
DA:1733,6
DA:1735,6
DA:1736,5
DA:1741,1
DA:1742,1
DA:1743,1
DA:1758,0
DA:1762,0
DA:1764,0
DA:1765,0
DA:1766,0
DA:1773,0
DA:1777,0
DA:1789,6
DA:1793,6
DA:1802,0
DA:1807,0
DA:1810,0
DA:1814,0
DA:1820,0
DA:1822,0
DA:1823,0
DA:1827,0
DA:1828,0
DA:1841,0
DA:1844,0
DA:1845,0
DA:1847,6
DA:1848,6
DA:1849,6
DA:1850,6
DA:1851,6
DA:1857,6
DA:1859,6
DA:1865,6
DA:1866,6
DA:1867,6
DA:1869,12
DA:1872,0
DA:1873,0
DA:1877,0
DA:1878,0
DA:1891,0
DA:1894,0
DA:1895,0
DA:1896,6
LF:334
LH:168
end_of_record
TN:
SF:/home/shasdor/CalcGTestHomeTask/CalcGTest/build/_deps/googletest-src/googlemock/include/gmock/internal/gmock-internal-utils.h
FN:243,249,_ZN7testing8internal6AssertEbPKciRKNSt7__cxx1112basic_stringIcSt11char_traitsIcESaIcEEE
FN:256,262,_ZN7testing8internal6ExpectEbPKciRKNSt7__cxx1112basic_stringIcSt11char_traitsIcESaIcEEE
FN:424,428,_ZN7testing8internal9ApplyImplIRKSt8functionIFSt6vectorINSt7__cxx1112basic_stringIcSt11char_traitsIcESaIcEEESaIS9_EEmEESt5tupleIJmEEJLm0EEEEDTclcl7forwardIT_Efp_Espcl3getIXT1_EEcl7forwardIT0_Efp0_EEEEOSI_OSJ_St16integer_sequenceImJXspT1_EEE
FN:424,428,_ZN7testing8internal9ApplyImplIRKSt8functionIFvRKNSt7__cxx1112basic_stringIcSt11char_traitsIcESaIcEEEEESt5tupleIJSA_EEJLm0EEEEDTclcl7forwardIT_Efp_Espcl3getIXT1_EEcl7forwardIT0_Efp0_EEEEOSH_OSI_St16integer_sequenceImJXspT1_EEE
FN:432,440,_ZN7testing8internal5ApplyIRKSt8functionIFSt6vectorINSt7__cxx1112basic_stringIcSt11char_traitsIcESaIcEEESaIS9_EEmEESt5tupleIJmEEEEDTcl9ApplyImplcl7forwardIT_Efp_Ecl7forwardIT0_Efp0_EcvSt16integer_sequenceImJXspcl14__integer_packcvmsrSt10tuple_sizeINSt16remove_referenceISJ_E4typeEE5valueEEEE_EEEOSI_OSJ_
FN:432,440,_ZN7testing8internal5ApplyIRKSt8functionIFvRKNSt7__cxx1112basic_stringIcSt11char_traitsIcESaIcEEEEESt5tupleIJSA_EEEEDTcl9ApplyImplcl7forwardIT_Efp_Ecl7forwardIT0_Efp0_EcvSt16integer_sequenceImJXspcl14__integer_packcvmsrSt10tuple_sizeINSt16remove_referenceISI_E4typeEE5valueEEEE_EEEOSH_OSI_
FNDA:12,_ZN7testing8internal6AssertEbPKciRKNSt7__cxx1112basic_stringIcSt11char_traitsIcESaIcEEE
FNDA:7,_ZN7testing8internal6ExpectEbPKciRKNSt7__cxx1112basic_stringIcSt11char_traitsIcESaIcEEE
FNDA:1,_ZN7testing8internal9ApplyImplIRKSt8functionIFSt6vectorINSt7__cxx1112basic_stringIcSt11char_traitsIcESaIcEEESaIS9_EEmEESt5tupleIJmEEJLm0EEEEDTclcl7forwardIT_Efp_Espcl3getIXT1_EEcl7forwardIT0_Efp0_EEEEOSI_OSJ_St16integer_sequenceImJXspT1_EEE
FNDA:0,_ZN7testing8internal9ApplyImplIRKSt8functionIFvRKNSt7__cxx1112basic_stringIcSt11char_traitsIcESaIcEEEEESt5tupleIJSA_EEJLm0EEEEDTclcl7forwardIT_Efp_Espcl3getIXT1_EEcl7forwardIT0_Efp0_EEEEOSH_OSI_St16integer_sequenceImJXspT1_EEE
FNDA:1,_ZN7testing8internal5ApplyIRKSt8functionIFSt6vectorINSt7__cxx1112basic_stringIcSt11char_traitsIcESaIcEEESaIS9_EEmEESt5tupleIJmEEEEDTcl9ApplyImplcl7forwardIT_Efp_Ecl7forwardIT0_Efp0_EcvSt16integer_sequenceImJXspcl14__integer_packcvmsrSt10tuple_sizeINSt16remove_referenceISJ_E4typeEE5valueEEEE_EEEOSI_OSJ_
FNDA:0,_ZN7testing8internal5ApplyIRKSt8functionIFvRKNSt7__cxx1112basic_stringIcSt11char_traitsIcESaIcEEEEESt5tupleIJSA_EEEEDTcl9ApplyImplcl7forwardIT_Efp_Ecl7forwardIT0_Efp0_EcvSt16integer_sequenceImJXspcl14__integer_packcvmsrSt10tuple_sizeINSt16remove_referenceISI_E4typeEE5valueEEEE_EEEOSH_OSI_
FNF:6
FNH:4
DA:243,12
DA:245,12
DA:246,0
DA:249,12
DA:256,7
DA:258,7
DA:259,0
DA:262,7
DA:424,1
DA:427,1
DA:432,1
DA:437,0
DA:439,1
LF:13
LH:10
end_of_record
TN:
SF:/home/shasdor/CalcGTestHomeTask/CalcGTest/build/_deps/googletest-src/googletest/include/gtest/gtest-assertion-result.h
FN:162,168,_ZN7testing15AssertionResultC2IbEERKT_PNSt9enable_ifIXntsrSt14is_convertibleIS2_S0_E5valueEvE4typeE
FN:181,181,_ZNK7testing15AssertionResultcvbEv
FN:190,192,_ZNK7testing15AssertionResult7messageEv
FN:194,194,_ZNK7testing15AssertionResult15failure_messageEv
FN:198,201,_ZN7testing15AssertionResultlsIA12_cEERS0_RKT_
FN:198,201,_ZN7testing15AssertionResultlsIA3_cEERS0_RKT_
FN:198,201,_ZN7testing15AssertionResultlsIA5_cEERS0_RKT_
FN:198,201,_ZN7testing15AssertionResultlsINSt7__cxx1112basic_stringIcSt11char_traitsIcESaIcEEEEERS0_RKT_
FN:198,201,_ZN7testing15AssertionResultlsIPKcEERS0_RKT_
FN:213,216,_ZN7testing15AssertionResult13AppendMessageERKNS_7MessageE
FNDA:22,_ZN7testing15AssertionResultC2IbEERKT_PNSt9enable_ifIXntsrSt14is_convertibleIS2_S0_E5valueEvE4typeE
FNDA:30,_ZNK7testing15AssertionResultcvbEv
FNDA:0,_ZNK7testing15AssertionResult7messageEv
FNDA:0,_ZNK7testing15AssertionResult15failure_messageEv
FNDA:0,_ZN7testing15AssertionResultlsIA12_cEERS0_RKT_
FNDA:0,_ZN7testing15AssertionResultlsIA3_cEERS0_RKT_
FNDA:0,_ZN7testing15AssertionResultlsIA5_cEERS0_RKT_
FNDA:0,_ZN7testing15AssertionResultlsINSt7__cxx1112basic_stringIcSt11char_traitsIcESaIcEEEEERS0_RKT_
FNDA:0,_ZN7testing15AssertionResultlsIPKcEERS0_RKT_
FNDA:0,_ZN7testing15AssertionResult13AppendMessageERKNS_7MessageE
FNF:10
FNH:2
DA:162,22
DA:168,22
DA:181,30
DA:190,0
DA:191,0
DA:194,0
DA:198,0
DA:199,0
DA:200,0
DA:213,0
DA:214,0
DA:215,0
DA:216,0
LF:13
LH:3
end_of_record
TN:
SF:/home/shasdor/CalcGTestHomeTask/CalcGTest/build/_deps/googletest-src/googletest/include/gtest/gtest-matchers.h
FN:110,110,_ZN7testing19MatchResultListenerD0Ev
FN:110,110,_ZN7testing19MatchResultListenerD2Ev
FN:116,116,_ZN7testing25MatcherDescriberInterfaceD0Ev
FN:116,116,_ZN7testing25MatcherDescriberInterfaceD2Ev
FN:131,135,_ZNK7testing25MatcherDescriberInterface18DescribeNegationToEPSo
FN:185,185,_ZN7testing8internal24DummyMatchResultListenerC2Ev
FN:208,208,_ZN7testing8internal17SharedPayloadBase3RefEv
FN:209,209,_ZN7testing8internal17SharedPayloadBase5UnrefEv
FN:232,235,_ZNK7testing8internal11MatcherBaseIRKNSt7__cxx1112basic_stringIcSt11char_traitsIcESaIcEEEE15MatchAndExplainES9_PNS_19MatchResultListenerE
FN:232,235,_ZNK7testing8internal11MatcherBaseIRKSt5tupleIJRKNSt7__cxx1112basic_stringIcSt11char_traitsIcESaIcEEEEEE15MatchAndExplainESD_PNS_19MatchResultListenerE
FN:232,235,_ZNK7testing8internal11MatcherBaseIRKSt5tupleIJmEEE15MatchAndExplainES5_PNS_19MatchResultListenerE
FN:232,235,_ZNK7testing8internal11MatcherBaseImE15MatchAndExplainERKmPNS_19MatchResultListenerE
FN:238,241,_ZNK7testing8internal11MatcherBaseIRKNSt7__cxx1112basic_stringIcSt11char_traitsIcESaIcEEEE7MatchesES9_
FN:238,241,_ZNK7testing8internal11MatcherBaseIRKSt5tupleIJRKNSt7__cxx1112basic_stringIcSt11char_traitsIcESaIcEEEEEE7MatchesESD_
FN:238,241,_ZNK7testing8internal11MatcherBaseIRKSt5tupleIJmEEE7MatchesES5_
FN:238,241,_ZNK7testing8internal11MatcherBaseImE7MatchesERKm
FN:244,247,_ZNK7testing8internal11MatcherBaseIRKNSt7__cxx1112basic_stringIcSt11char_traitsIcESaIcEEEE10DescribeToEPSo
FN:244,247,_ZNK7testing8internal11MatcherBaseIRKSt5tupleIJRKNSt7__cxx1112basic_stringIcSt11char_traitsIcESaIcEEEEEE10DescribeToEPSo
FN:244,247,_ZNK7testing8internal11MatcherBaseIRKSt5tupleIJmEEE10DescribeToEPSo
FN:244,247,_ZNK7testing8internal11MatcherBaseImE10DescribeToEPSo
FN:250,253,_ZNK7testing8internal11MatcherBaseIRKNSt7__cxx1112basic_stringIcSt11char_traitsIcESaIcEEEE18DescribeNegationToEPSo
FN:250,253,_ZNK7testing8internal11MatcherBaseIRKSt5tupleIJRKNSt7__cxx1112basic_stringIcSt11char_traitsIcESaIcEEEEEE18DescribeNegationToEPSo
FN:250,253,_ZNK7testing8internal11MatcherBaseIRKSt5tupleIJmEEE18DescribeNegationToEPSo
FN:250,253,_ZNK7testing8internal11MatcherBaseImE18DescribeNegationToEPSo
FN:270,270,_ZN7testing8internal11MatcherBaseImEC2Ev
FN:281,283,_ZN7testing8internal11MatcherBaseIRKNSt7__cxx1112basic_stringIcSt11char_traitsIcESaIcEEEEC2IRKNS0_15AnythingMatcherEvEEOT_
FN:281,283,_ZN7testing8internal11MatcherBaseIRKSt5tupleIJRKNSt7__cxx1112basic_stringIcSt11char_traitsIcESaIcEEEEEEC2IRKNS0_15AnythingMatcherEvEEOT_
FN:281,283,_ZN7testing8internal11MatcherBaseIRKSt5tupleIJmEEEC2IRKNS0_15AnythingMatcherEvEEOT_
FN:281,283,_ZN7testing8internal11MatcherBaseImEC2INS0_9EqMatcherImEEvEEOT_
FN:285,288,_ZN7testing8internal11MatcherBaseIRKNSt7__cxx1112basic_stringIcSt11char_traitsIcESaIcEEEEC2ERKSA_
FN:285,288,_ZN7testing8internal11MatcherBaseImEC2ERKS2_
FN:299,302,_ZN7testing8internal11MatcherBaseIRKNSt7__cxx1112basic_stringIcSt11char_traitsIcESaIcEEEEC2EOSA_
FN:299,302,_ZN7testing8internal11MatcherBaseImEC2EOS2_
FN:304,311,_ZN7testing8internal11MatcherBaseImEaSEOS2_
FN:313,313,_ZN7testing8internal11MatcherBaseIRKNSt7__cxx1112basic_stringIcSt11char_traitsIcESaIcEEEED0Ev
FN:313,313,_ZN7testing8internal11MatcherBaseIRKNSt7__cxx1112basic_stringIcSt11char_traitsIcESaIcEEEED2Ev
FN:313,313,_ZN7testing8internal11MatcherBaseIRKSt5tupleIJRKNSt7__cxx1112basic_stringIcSt11char_traitsIcESaIcEEEEEED0Ev
FN:313,313,_ZN7testing8internal11MatcherBaseIRKSt5tupleIJRKNSt7__cxx1112basic_stringIcSt11char_traitsIcESaIcEEEEEED2Ev
FN:313,313,_ZN7testing8internal11MatcherBaseIRKSt5tupleIJmEEED0Ev
FN:313,313,_ZN7testing8internal11MatcherBaseIRKSt5tupleIJmEEED2Ev
FN:313,313,_ZN7testing8internal11MatcherBaseImED0Ev
FN:313,313,_ZN7testing8internal11MatcherBaseImED2Ev
FN:327,329,_ZNK7testing8internal11MatcherBaseIRKNSt7__cxx1112basic_stringIcSt11char_traitsIcESaIcEEEE8IsSharedEv
FN:327,329,_ZNK7testing8internal11MatcherBaseIRKSt5tupleIJRKNSt7__cxx1112basic_stringIcSt11char_traitsIcESaIcEEEEEE8IsSharedEv
FN:327,329,_ZNK7testing8internal11MatcherBaseIRKSt5tupleIJmEEE8IsSharedEv
FN:327,329,_ZNK7testing8internal11MatcherBaseImE8IsSharedEv
FN:333,337,_ZN7testing8internal11MatcherBaseIRKNSt7__cxx1112basic_stringIcSt11char_traitsIcESaIcEEEE19MatchAndExplainImplINSA_11ValuePolicyINS0_15AnythingMatcherELb1EEEEEDTcldtclsrT_3Getfp_E15MatchAndExplainfp0_clptfp1_L_ZNS_19MatchResultListener6streamEvEEEERKSA_S9_PSG_
FN:333,337,_ZN7testing8internal11MatcherBaseIRKSt5tupleIJRKNSt7__cxx1112basic_stringIcSt11char_traitsIcESaIcEEEEEE19MatchAndExplainImplINSE_11ValuePolicyINS0_15AnythingMatcherELb1EEEEEDTcldtclsrT_3Getfp_E15MatchAndExplainfp0_clptfp1_L_ZNS_19MatchResultListener6streamEvEEEERKSE_SD_PSK_
FN:333,337,_ZN7testing8internal11MatcherBaseIRKSt5tupleIJmEEE19MatchAndExplainImplINS6_11ValuePolicyINS0_15AnythingMatcherELb1EEEEEDTcldtclsrT_3Getfp_E15MatchAndExplainfp0_clptfp1_L_ZNS_19MatchResultListener6streamEvEEEERKS6_S5_PSC_
FN:333,337,_ZN7testing8internal11MatcherBaseImE19MatchAndExplainImplINS2_11ValuePolicyINS0_9EqMatcherImEELb1EEEEEDTcldtclsrT_3Getfp_E15MatchAndExplainfp0_clptfp1_L_ZNS_19MatchResultListener6streamEvEEEERKS2_RKmPS9_
FN:347,354,_ZN7testing8internal11MatcherBaseIRKNSt7__cxx1112basic_stringIcSt11char_traitsIcESaIcEEEE12DescribeImplINSA_11ValuePolicyINS0_15AnythingMatcherELb1EEEEEvRKSA_PSob
FN:347,354,_ZN7testing8internal11MatcherBaseIRKSt5tupleIJRKNSt7__cxx1112basic_stringIcSt11char_traitsIcESaIcEEEEEE12DescribeImplINSE_11ValuePolicyINS0_15AnythingMatcherELb1EEEEEvRKSE_PSob
FN:347,354,_ZN7testing8internal11MatcherBaseIRKSt5tupleIJmEEE12DescribeImplINS6_11ValuePolicyINS0_15AnythingMatcherELb1EEEEEvRKS6_PSob
FN:347,354,_ZN7testing8internal11MatcherBaseImE12DescribeImplINS2_11ValuePolicyINS0_9EqMatcherImEELb1EEEEEvRKS2_PSob
FN:357,370,_ZN7testing8internal11MatcherBaseIRKNSt7__cxx1112basic_stringIcSt11char_traitsIcESaIcEEEE16GetDescriberImplINSA_11ValuePolicyINS0_15AnythingMatcherELb1EEEEEPKNS_25MatcherDescriberInterfaceERKSA_
FN:357,370,_ZN7testing8internal11MatcherBaseIRKSt5tupleIJRKNSt7__cxx1112basic_stringIcSt11char_traitsIcESaIcEEEEEE16GetDescriberImplINSE_11ValuePolicyINS0_15AnythingMatcherELb1EEEEEPKNS_25MatcherDescriberInterfaceERKSE_
FN:357,370,_ZN7testing8internal11MatcherBaseIRKSt5tupleIJmEEE16GetDescriberImplINS6_11ValuePolicyINS0_15AnythingMatcherELb1EEEEEPKNS_25MatcherDescriberInterfaceERKS6_
FN:357,370,_ZN7testing8internal11MatcherBaseImE16GetDescriberImplINS2_11ValuePolicyINS0_9EqMatcherImEELb1EEEEEPKNS_25MatcherDescriberInterfaceERKS2_
FN:373,378,_ZN7testing8internal11MatcherBaseIRKNSt7__cxx1112basic_stringIcSt11char_traitsIcESaIcEEEE9GetVTableINSA_11ValuePolicyINS0_15AnythingMatcherELb1EEEEEPKNSA_6VTableEv
FN:373,378,_ZN7testing8internal11MatcherBaseIRKSt5tupleIJRKNSt7__cxx1112basic_stringIcSt11char_traitsIcESaIcEEEEEE9GetVTableINSE_11ValuePolicyINS0_15AnythingMatcherELb1EEEEEPKNSE_6VTableEv
FN:373,378,_ZN7testing8internal11MatcherBaseIRKSt5tupleIJmEEE9GetVTableINS6_11ValuePolicyINS0_15AnythingMatcherELb1EEEEEPKNS6_6VTableEv
FN:373,378,_ZN7testing8internal11MatcherBaseImE9GetVTableINS2_11ValuePolicyINS0_9EqMatcherImEELb1EEEEEPKNS2_6VTableEv
FN:389,393,_ZN7testing8internal11MatcherBaseIRKNSt7__cxx1112basic_stringIcSt11char_traitsIcESaIcEEEE7DestroyEv
FN:389,393,_ZN7testing8internal11MatcherBaseIRKSt5tupleIJRKNSt7__cxx1112basic_stringIcSt11char_traitsIcESaIcEEEEEE7DestroyEv
FN:389,393,_ZN7testing8internal11MatcherBaseIRKSt5tupleIJmEEE7DestroyEv
FN:389,393,_ZN7testing8internal11MatcherBaseImE7DestroyEv
FN:404,410,_ZN7testing8internal11MatcherBaseIRKNSt7__cxx1112basic_stringIcSt11char_traitsIcESaIcEEEE11ValuePolicyINS0_15AnythingMatcherELb1EE3GetERKSA_
FN:404,410,_ZN7testing8internal11MatcherBaseIRKSt5tupleIJRKNSt7__cxx1112basic_stringIcSt11char_traitsIcESaIcEEEEEE11ValuePolicyINS0_15AnythingMatcherELb1EE3GetERKSE_
FN:404,410,_ZN7testing8internal11MatcherBaseIRKSt5tupleIJmEEE11ValuePolicyINS0_15AnythingMatcherELb1EE3GetERKS6_
FN:404,410,_ZN7testing8internal11MatcherBaseImE11ValuePolicyINS0_9EqMatcherImEELb1EE3GetERKS2_
FN:411,413,_ZN7testing8internal11MatcherBaseIRKNSt7__cxx1112basic_stringIcSt11char_traitsIcESaIcEEEE11ValuePolicyINS0_15AnythingMatcherELb1EE4InitERSA_SC_
FN:411,413,_ZN7testing8internal11MatcherBaseIRKSt5tupleIJRKNSt7__cxx1112basic_stringIcSt11char_traitsIcESaIcEEEEEE11ValuePolicyINS0_15AnythingMatcherELb1EE4InitERSE_SG_
FN:411,413,_ZN7testing8internal11MatcherBaseIRKSt5tupleIJmEEE11ValuePolicyINS0_15AnythingMatcherELb1EE4InitERS6_S8_
FN:411,413,_ZN7testing8internal11MatcherBaseImE11ValuePolicyINS0_9EqMatcherImEELb1EE4InitERS2_S5_
FN:445,450,_ZN7testing8internal11MatcherBaseIRKNSt7__cxx1112basic_stringIcSt11char_traitsIcESaIcEEEE4InitIRKNS0_15AnythingMatcherEEEvOT_
FN:445,450,_ZN7testing8internal11MatcherBaseIRKSt5tupleIJRKNSt7__cxx1112basic_stringIcSt11char_traitsIcESaIcEEEEEE4InitIRKNS0_15AnythingMatcherEEEvOT_
FN:445,450,_ZN7testing8internal11MatcherBaseIRKSt5tupleIJmEEE4InitIRKNS0_15AnythingMatcherEEEvOT_
FN:445,450,_ZN7testing8internal11MatcherBaseImE4InitINS0_9EqMatcherImEEEEvOT_
FN:483,483,_ZN7testing7MatcherIRKSt5tupleIJRKNSt7__cxx1112basic_stringIcSt11char_traitsIcESaIcEEEEEEC2IRKNS_8internal15AnythingMatcherEvEEOT_
FN:483,483,_ZN7testing7MatcherIRKSt5tupleIJmEEEC2IRKNS_8internal15AnythingMatcherEvEEOT_
FN:483,483,_ZN7testing7MatcherImEC2INS_8internal9EqMatcherImEEvEEOT_
FN:504,505,_ZN7testing7MatcherIRKNSt7__cxx1112basic_stringIcSt11char_traitsIcESaIcEEEEC2IRKNS_8internal15AnythingMatcherEvEEOT_
FN:694,694,_ZN7testing8internal14ComparisonBaseINS0_9EqMatcherImEEmSt8equal_toIvEEC2ERKm
FN:699,701,_ZNK7testing8internal14ComparisonBaseINS0_9EqMatcherImEEmSt8equal_toIvEE15MatchAndExplainImEEbRKT_PSo
FN:702,705,_ZNK7testing8internal14ComparisonBaseINS0_9EqMatcherImEEmSt8equal_toIvEE10DescribeToEPSo
FN:706,709,_ZNK7testing8internal14ComparisonBaseINS0_9EqMatcherImEEmSt8equal_toIvEE18DescribeNegationToEPSo
FN:713,715,_ZN7testing8internal14ComparisonBaseINS0_9EqMatcherImEEmSt8equal_toIvEE6UnwrapImEERKT_SA_
FN:727,728,_ZN7testing8internal9EqMatcherImEC2ERKm
FN:729,729,_ZN7testing8internal9EqMatcherImE4DescEv
FN:730,730,_ZN7testing8internal9EqMatcherImE11NegatedDescEv
FN:83,83,_ZN7testing19MatchResultListenerC2EPSo
FN:891,893,_ZN7testing2EqImEENS_8internal9EqMatcherIT_EES3_
FN:898,900,_ZN7testing7MatcherImEC2Em
FN:95,95,_ZN7testing19MatchResultListener6streamEv
FNDA:0,_ZN7testing19MatchResultListenerD0Ev
FNDA:12,_ZN7testing19MatchResultListenerD2Ev
FNDA:0,_ZN7testing25MatcherDescriberInterfaceD0Ev
FNDA:41,_ZN7testing25MatcherDescriberInterfaceD2Ev
FNDA:0,_ZNK7testing25MatcherDescriberInterface18DescribeNegationToEPSo
FNDA:12,_ZN7testing8internal24DummyMatchResultListenerC2Ev
FNDA:12,_ZN7testing8internal17SharedPayloadBase3RefEv
FNDA:16,_ZN7testing8internal17SharedPayloadBase5UnrefEv
FNDA:5,_ZNK7testing8internal11MatcherBaseIRKNSt7__cxx1112basic_stringIcSt11char_traitsIcESaIcEEEE15MatchAndExplainES9_PNS_19MatchResultListenerE
FNDA:5,_ZNK7testing8internal11MatcherBaseIRKSt5tupleIJRKNSt7__cxx1112basic_stringIcSt11char_traitsIcESaIcEEEEEE15MatchAndExplainESD_PNS_19MatchResultListenerE
FNDA:1,_ZNK7testing8internal11MatcherBaseIRKSt5tupleIJmEEE15MatchAndExplainES5_PNS_19MatchResultListenerE
FNDA:1,_ZNK7testing8internal11MatcherBaseImE15MatchAndExplainERKmPNS_19MatchResultListenerE
FNDA:5,_ZNK7testing8internal11MatcherBaseIRKNSt7__cxx1112basic_stringIcSt11char_traitsIcESaIcEEEE7MatchesES9_
FNDA:5,_ZNK7testing8internal11MatcherBaseIRKSt5tupleIJRKNSt7__cxx1112basic_stringIcSt11char_traitsIcESaIcEEEEEE7MatchesESD_
FNDA:1,_ZNK7testing8internal11MatcherBaseIRKSt5tupleIJmEEE7MatchesES5_
FNDA:1,_ZNK7testing8internal11MatcherBaseImE7MatchesERKm
FNDA:0,_ZNK7testing8internal11MatcherBaseIRKNSt7__cxx1112basic_stringIcSt11char_traitsIcESaIcEEEE10DescribeToEPSo
FNDA:0,_ZNK7testing8internal11MatcherBaseIRKSt5tupleIJRKNSt7__cxx1112basic_stringIcSt11char_traitsIcESaIcEEEEEE10DescribeToEPSo
FNDA:0,_ZNK7testing8internal11MatcherBaseIRKSt5tupleIJmEEE10DescribeToEPSo
FNDA:0,_ZNK7testing8internal11MatcherBaseImE10DescribeToEPSo
FNDA:0,_ZNK7testing8internal11MatcherBaseIRKNSt7__cxx1112basic_stringIcSt11char_traitsIcESaIcEEEE18DescribeNegationToEPSo
FNDA:0,_ZNK7testing8internal11MatcherBaseIRKSt5tupleIJRKNSt7__cxx1112basic_stringIcSt11char_traitsIcESaIcEEEEEE18DescribeNegationToEPSo
FNDA:0,_ZNK7testing8internal11MatcherBaseIRKSt5tupleIJmEEE18DescribeNegationToEPSo
FNDA:0,_ZNK7testing8internal11MatcherBaseImE18DescribeNegationToEPSo
FNDA:1,_ZN7testing8internal11MatcherBaseImEC2Ev
FNDA:1,_ZN7testing8internal11MatcherBaseIRKNSt7__cxx1112basic_stringIcSt11char_traitsIcESaIcEEEEC2IRKNS0_15AnythingMatcherEvEEOT_
FNDA:5,_ZN7testing8internal11MatcherBaseIRKSt5tupleIJRKNSt7__cxx1112basic_stringIcSt11char_traitsIcESaIcEEEEEEC2IRKNS0_15AnythingMatcherEvEEOT_
FNDA:1,_ZN7testing8internal11MatcherBaseIRKSt5tupleIJmEEEC2IRKNS0_15AnythingMatcherEvEEOT_
FNDA:1,_ZN7testing8internal11MatcherBaseImEC2INS0_9EqMatcherImEEvEEOT_
FNDA:15,_ZN7testing8internal11MatcherBaseIRKNSt7__cxx1112basic_stringIcSt11char_traitsIcESaIcEEEEC2ERKSA_
FNDA:3,_ZN7testing8internal11MatcherBaseImEC2ERKS2_
FNDA:5,_ZN7testing8internal11MatcherBaseIRKNSt7__cxx1112basic_stringIcSt11char_traitsIcESaIcEEEEC2EOSA_
FNDA:1,_ZN7testing8internal11MatcherBaseImEC2EOS2_
FNDA:1,_ZN7testing8internal11MatcherBaseImEaSEOS2_
FNDA:0,_ZN7testing8internal11MatcherBaseIRKNSt7__cxx1112basic_stringIcSt11char_traitsIcESaIcEEEED0Ev
FNDA:29,_ZN7testing8internal11MatcherBaseIRKNSt7__cxx1112basic_stringIcSt11char_traitsIcESaIcEEEED2Ev
FNDA:0,_ZN7testing8internal11MatcherBaseIRKSt5tupleIJRKNSt7__cxx1112basic_stringIcSt11char_traitsIcESaIcEEEEEED0Ev
FNDA:5,_ZN7testing8internal11MatcherBaseIRKSt5tupleIJRKNSt7__cxx1112basic_stringIcSt11char_traitsIcESaIcEEEEEED2Ev
FNDA:0,_ZN7testing8internal11MatcherBaseIRKSt5tupleIJmEEED0Ev
FNDA:1,_ZN7testing8internal11MatcherBaseIRKSt5tupleIJmEEED2Ev
FNDA:0,_ZN7testing8internal11MatcherBaseImED0Ev
FNDA:6,_ZN7testing8internal11MatcherBaseImED2Ev
FNDA:48,_ZNK7testing8internal11MatcherBaseIRKNSt7__cxx1112basic_stringIcSt11char_traitsIcESaIcEEEE8IsSharedEv
FNDA:5,_ZNK7testing8internal11MatcherBaseIRKSt5tupleIJRKNSt7__cxx1112basic_stringIcSt11char_traitsIcESaIcEEEEEE8IsSharedEv
FNDA:1,_ZNK7testing8internal11MatcherBaseIRKSt5tupleIJmEEE8IsSharedEv
FNDA:10,_ZNK7testing8internal11MatcherBaseImE8IsSharedEv
FNDA:1,_ZN7testing8internal11MatcherBaseIRKNSt7__cxx1112basic_stringIcSt11char_traitsIcESaIcEEEE19MatchAndExplainImplINSA_11ValuePolicyINS0_15AnythingMatcherELb1EEEEEDTcldtclsrT_3Getfp_E15MatchAndExplainfp0_clptfp1_L_ZNS_19MatchResultListener6streamEvEEEERKSA_S9_PSG_
FNDA:5,_ZN7testing8internal11MatcherBaseIRKSt5tupleIJRKNSt7__cxx1112basic_stringIcSt11char_traitsIcESaIcEEEEEE19MatchAndExplainImplINSE_11ValuePolicyINS0_15AnythingMatcherELb1EEEEEDTcldtclsrT_3Getfp_E15MatchAndExplainfp0_clptfp1_L_ZNS_19MatchResultListener6streamEvEEEERKSE_SD_PSK_
FNDA:1,_ZN7testing8internal11MatcherBaseIRKSt5tupleIJmEEE19MatchAndExplainImplINS6_11ValuePolicyINS0_15AnythingMatcherELb1EEEEEDTcldtclsrT_3Getfp_E15MatchAndExplainfp0_clptfp1_L_ZNS_19MatchResultListener6streamEvEEEERKS6_S5_PSC_
FNDA:1,_ZN7testing8internal11MatcherBaseImE19MatchAndExplainImplINS2_11ValuePolicyINS0_9EqMatcherImEELb1EEEEEDTcldtclsrT_3Getfp_E15MatchAndExplainfp0_clptfp1_L_ZNS_19MatchResultListener6streamEvEEEERKS2_RKmPS9_
FNDA:0,_ZN7testing8internal11MatcherBaseIRKNSt7__cxx1112basic_stringIcSt11char_traitsIcESaIcEEEE12DescribeImplINSA_11ValuePolicyINS0_15AnythingMatcherELb1EEEEEvRKSA_PSob
FNDA:0,_ZN7testing8internal11MatcherBaseIRKSt5tupleIJRKNSt7__cxx1112basic_stringIcSt11char_traitsIcESaIcEEEEEE12DescribeImplINSE_11ValuePolicyINS0_15AnythingMatcherELb1EEEEEvRKSE_PSob
FNDA:0,_ZN7testing8internal11MatcherBaseIRKSt5tupleIJmEEE12DescribeImplINS6_11ValuePolicyINS0_15AnythingMatcherELb1EEEEEvRKS6_PSob
FNDA:0,_ZN7testing8internal11MatcherBaseImE12DescribeImplINS2_11ValuePolicyINS0_9EqMatcherImEELb1EEEEEvRKS2_PSob
FNDA:0,_ZN7testing8internal11MatcherBaseIRKNSt7__cxx1112basic_stringIcSt11char_traitsIcESaIcEEEE16GetDescriberImplINSA_11ValuePolicyINS0_15AnythingMatcherELb1EEEEEPKNS_25MatcherDescriberInterfaceERKSA_
FNDA:0,_ZN7testing8internal11MatcherBaseIRKSt5tupleIJRKNSt7__cxx1112basic_stringIcSt11char_traitsIcESaIcEEEEEE16GetDescriberImplINSE_11ValuePolicyINS0_15AnythingMatcherELb1EEEEEPKNS_25MatcherDescriberInterfaceERKSE_
FNDA:0,_ZN7testing8internal11MatcherBaseIRKSt5tupleIJmEEE16GetDescriberImplINS6_11ValuePolicyINS0_15AnythingMatcherELb1EEEEEPKNS_25MatcherDescriberInterfaceERKS6_
FNDA:0,_ZN7testing8internal11MatcherBaseImE16GetDescriberImplINS2_11ValuePolicyINS0_9EqMatcherImEELb1EEEEEPKNS_25MatcherDescriberInterfaceERKS2_
FNDA:1,_ZN7testing8internal11MatcherBaseIRKNSt7__cxx1112basic_stringIcSt11char_traitsIcESaIcEEEE9GetVTableINSA_11ValuePolicyINS0_15AnythingMatcherELb1EEEEEPKNSA_6VTableEv
FNDA:5,_ZN7testing8internal11MatcherBaseIRKSt5tupleIJRKNSt7__cxx1112basic_stringIcSt11char_traitsIcESaIcEEEEEE9GetVTableINSE_11ValuePolicyINS0_15AnythingMatcherELb1EEEEEPKNSE_6VTableEv
FNDA:1,_ZN7testing8internal11MatcherBaseIRKSt5tupleIJmEEE9GetVTableINS6_11ValuePolicyINS0_15AnythingMatcherELb1EEEEEPKNS6_6VTableEv
FNDA:1,_ZN7testing8internal11MatcherBaseImE9GetVTableINS2_11ValuePolicyINS0_9EqMatcherImEELb1EEEEEPKNS2_6VTableEv
FNDA:33,_ZN7testing8internal11MatcherBaseIRKNSt7__cxx1112basic_stringIcSt11char_traitsIcESaIcEEEE7DestroyEv
FNDA:5,_ZN7testing8internal11MatcherBaseIRKSt5tupleIJRKNSt7__cxx1112basic_stringIcSt11char_traitsIcESaIcEEEEEE7DestroyEv
FNDA:1,_ZN7testing8internal11MatcherBaseIRKSt5tupleIJmEEE7DestroyEv
FNDA:7,_ZN7testing8internal11MatcherBaseImE7DestroyEv
FNDA:1,_ZN7testing8internal11MatcherBaseIRKNSt7__cxx1112basic_stringIcSt11char_traitsIcESaIcEEEE11ValuePolicyINS0_15AnythingMatcherELb1EE3GetERKSA_
FNDA:5,_ZN7testing8internal11MatcherBaseIRKSt5tupleIJRKNSt7__cxx1112basic_stringIcSt11char_traitsIcESaIcEEEEEE11ValuePolicyINS0_15AnythingMatcherELb1EE3GetERKSE_
FNDA:1,_ZN7testing8internal11MatcherBaseIRKSt5tupleIJmEEE11ValuePolicyINS0_15AnythingMatcherELb1EE3GetERKS6_
FNDA:1,_ZN7testing8internal11MatcherBaseImE11ValuePolicyINS0_9EqMatcherImEELb1EE3GetERKS2_
FNDA:1,_ZN7testing8internal11MatcherBaseIRKNSt7__cxx1112basic_stringIcSt11char_traitsIcESaIcEEEE11ValuePolicyINS0_15AnythingMatcherELb1EE4InitERSA_SC_
FNDA:5,_ZN7testing8internal11MatcherBaseIRKSt5tupleIJRKNSt7__cxx1112basic_stringIcSt11char_traitsIcESaIcEEEEEE11ValuePolicyINS0_15AnythingMatcherELb1EE4InitERSE_SG_
FNDA:1,_ZN7testing8internal11MatcherBaseIRKSt5tupleIJmEEE11ValuePolicyINS0_15AnythingMatcherELb1EE4InitERS6_S8_
FNDA:1,_ZN7testing8internal11MatcherBaseImE11ValuePolicyINS0_9EqMatcherImEELb1EE4InitERS2_S5_
FNDA:1,_ZN7testing8internal11MatcherBaseIRKNSt7__cxx1112basic_stringIcSt11char_traitsIcESaIcEEEE4InitIRKNS0_15AnythingMatcherEEEvOT_
FNDA:5,_ZN7testing8internal11MatcherBaseIRKSt5tupleIJRKNSt7__cxx1112basic_stringIcSt11char_traitsIcESaIcEEEEEE4InitIRKNS0_15AnythingMatcherEEEvOT_
FNDA:1,_ZN7testing8internal11MatcherBaseIRKSt5tupleIJmEEE4InitIRKNS0_15AnythingMatcherEEEvOT_
FNDA:1,_ZN7testing8internal11MatcherBaseImE4InitINS0_9EqMatcherImEEEEvOT_
FNDA:5,_ZN7testing7MatcherIRKSt5tupleIJRKNSt7__cxx1112basic_stringIcSt11char_traitsIcESaIcEEEEEEC2IRKNS_8internal15AnythingMatcherEvEEOT_
FNDA:1,_ZN7testing7MatcherIRKSt5tupleIJmEEEC2IRKNS_8internal15AnythingMatcherEvEEOT_
FNDA:1,_ZN7testing7MatcherImEC2INS_8internal9EqMatcherImEEvEEOT_
FNDA:1,_ZN7testing7MatcherIRKNSt7__cxx1112basic_stringIcSt11char_traitsIcESaIcEEEEC2IRKNS_8internal15AnythingMatcherEvEEOT_
FNDA:1,_ZN7testing8internal14ComparisonBaseINS0_9EqMatcherImEEmSt8equal_toIvEEC2ERKm
FNDA:1,_ZNK7testing8internal14ComparisonBaseINS0_9EqMatcherImEEmSt8equal_toIvEE15MatchAndExplainImEEbRKT_PSo
FNDA:0,_ZNK7testing8internal14ComparisonBaseINS0_9EqMatcherImEEmSt8equal_toIvEE10DescribeToEPSo
FNDA:0,_ZNK7testing8internal14ComparisonBaseINS0_9EqMatcherImEEmSt8equal_toIvEE18DescribeNegationToEPSo
FNDA:1,_ZN7testing8internal14ComparisonBaseINS0_9EqMatcherImEEmSt8equal_toIvEE6UnwrapImEERKT_SA_
FNDA:1,_ZN7testing8internal9EqMatcherImEC2ERKm
FNDA:0,_ZN7testing8internal9EqMatcherImE4DescEv
FNDA:0,_ZN7testing8internal9EqMatcherImE11NegatedDescEv
FNDA:12,_ZN7testing19MatchResultListenerC2EPSo
FNDA:1,_ZN7testing2EqImEENS_8internal9EqMatcherIT_EES3_
FNDA:1,_ZN7testing7MatcherImEC2Em
FNDA:12,_ZN7testing19MatchResultListener6streamEv
FNF:94
FNH:67
DA:83,12
DA:95,12
DA:110,12
DA:116,41
DA:131,0
DA:132,0
DA:133,0
DA:134,0
DA:135,0
DA:185,12
DA:208,12
DA:209,32
DA:232,12
DA:233,12
DA:234,12
DA:238,12
DA:239,12
DA:240,24
DA:241,12
DA:244,0
DA:245,0
DA:246,0
DA:247,0
DA:250,0
DA:251,0
DA:252,0
DA:253,0
DA:270,1
DA:281,8
DA:282,8
DA:283,8
DA:285,18
DA:286,18
DA:287,18
DA:288,18
DA:299,6
DA:300,6
DA:301,6
DA:302,6
DA:304,1
DA:305,1
DA:306,1
DA:307,1
DA:308,1
DA:309,1
DA:310,1
DA:313,41
DA:327,64
DA:328,64
DA:333,8
DA:336,8
DA:347,0
DA:349,0
DA:350,0
DA:352,0
DA:354,0
DA:357,0
DA:369,0
DA:373,8
DA:377,8
DA:389,46
DA:390,46
DA:391,4
DA:393,46
DA:404,8
DA:407,8
DA:409,8
DA:411,8
DA:412,8
DA:413,8
DA:445,8
DA:448,8
DA:449,8
DA:450,8
DA:483,7
DA:504,1
DA:505,1
DA:694,1
DA:699,1
DA:700,1
DA:702,0
DA:703,0
DA:704,0
DA:705,0
DA:706,0
DA:707,0
DA:708,0
DA:709,0
DA:713,1
DA:714,1
DA:727,1
DA:728,1
DA:729,0
DA:730,0
DA:891,1
DA:892,1
DA:898,1
DA:899,1
DA:900,1
LF:99
LH:69
end_of_record
TN:
SF:/home/shasdor/CalcGTestHomeTask/CalcGTest/build/_deps/googletest-src/googletest/include/gtest/gtest-message.h
FN:132,150,_ZN7testing7MessagelsIA12_cEERS0_RKT_
FN:132,150,_ZN7testing7MessagelsIA3_cEERS0_RKT_
FN:132,150,_ZN7testing7MessagelsIA57_cEERS0_RKT_
FN:132,150,_ZN7testing7MessagelsIA5_cEERS0_RKT_
FN:132,150,_ZN7testing7MessagelsINSt7__cxx1112basic_stringIcSt11char_traitsIcESaIcEEEEERS0_RKT_
FN:181,188,_ZN7testing7MessagelsIKcEERS0_RKPT_
FNDA:0,_ZN7testing7MessagelsIA12_cEERS0_RKT_
FNDA:0,_ZN7testing7MessagelsIA3_cEERS0_RKT_
FNDA:0,_ZN7testing7MessagelsIA57_cEERS0_RKT_
FNDA:0,_ZN7testing7MessagelsIA5_cEERS0_RKT_
FNDA:0,_ZN7testing7MessagelsINSt7__cxx1112basic_stringIcSt11char_traitsIcESaIcEEEEERS0_RKT_
FNDA:414,_ZN7testing7MessagelsIKcEERS0_RKPT_
FNF:6
FNH:1
DA:132,0
DA:148,0
DA:149,0
DA:181,414
DA:182,414
DA:183,0
DA:185,414
DA:187,414
LF:8
LH:4
end_of_record
TN:
SF:/home/shasdor/CalcGTestHomeTask/CalcGTest/build/_deps/googletest-src/googletest/include/gtest/gtest-printers.h
FN:1051,1058,_ZN7testing8internal16UniversalPrinterIRKNSt7__cxx1112basic_stringIcSt11char_traitsIcESaIcEEEE5PrintES9_PSo
FN:1070,1072,_ZN7testing8internal21UniversalTersePrinterINSt7__cxx1112basic_stringIcSt11char_traitsIcESaIcEEEE5PrintERKS7_PSo
FN:1070,1072,_ZN7testing8internal21UniversalTersePrinterIdE5PrintERKdPSo
FN:1070,1072,_ZN7testing8internal21UniversalTersePrinterIiE5PrintERKiPSo
FN:1070,1072,_ZN7testing8internal21UniversalTersePrinterImE5PrintERKmPSo
FN:1098,1104,_ZN7testing8internal21UniversalTersePrinterIPKcE5PrintES3_PSo
FN:1189,1194,_ZN7testing8internal14UniversalPrintINSt7__cxx1112basic_stringIcSt11char_traitsIcESaIcEEEEEvRKT_PSo
FN:1189,1194,_ZN7testing8internal14UniversalPrintISt5tupleIJRKNSt7__cxx1112basic_stringIcSt11char_traitsIcESaIcEEEEEEEvRKT_PSo
FN:1189,1194,_ZN7testing8internal14UniversalPrintISt5tupleIJmEEEEvRKT_PSo
FN:1189,1194,_ZN7testing8internal14UniversalPrintIdEEvRKT_PSo
FN:1189,1194,_ZN7testing8internal14UniversalPrintIiEEvRKT_PSo
FN:1189,1194,_ZN7testing8internal14UniversalPrintImEEvRKT_PSo
FN:1229,1233,_ZN7testing13PrintToStringINSt7__cxx1112basic_stringIcSt11char_traitsIcESaIcEEEEES6_RKT_
FN:1229,1233,_ZN7testing13PrintToStringIPKcEENSt7__cxx1112basic_stringIcSt11char_traitsIcESaIcEEERKT_
FN:1229,1233,_ZN7testing13PrintToStringIdEENSt7__cxx1112basic_stringIcSt11char_traitsIcESaIcEEERKT_
FN:1229,1233,_ZN7testing13PrintToStringIiEENSt7__cxx1112basic_stringIcSt11char_traitsIcESaIcEEERKT_
FN:1229,1233,_ZN7testing13PrintToStringImEENSt7__cxx1112basic_stringIcSt11char_traitsIcESaIcEEERKT_
FN:172,195,_ZN7testing8internal16ContainerPrinter10PrintValueISt6vectorINSt7__cxx1112basic_stringIcSt11char_traitsIcESaIcEEESaIS9_EEvEEvRKT_PSo
FN:252,257,_ZN7testing8internal52internal_stream_operator_without_lexical_name_lookup13StreamPrinter10PrintValueIivEEDTcvvlsdefp0_fp_ERKT_PSo
FN:252,257,_ZN7testing8internal52internal_stream_operator_without_lexical_name_lookup13StreamPrinter10PrintValueImvEEDTcvvlsdefp0_fp_ERKT_PSo
FN:356,367,_ZN7testing8internal17PrintWithFallbackISt6vectorINSt7__cxx1112basic_stringIcSt11char_traitsIcESaIcEEESaIS8_EEEEvRKT_PSo
FN:356,367,_ZN7testing8internal17PrintWithFallbackIiEEvRKT_PSo
FN:356,367,_ZN7testing8internal17PrintWithFallbackImEEvRKT_PSo
FN:387,389,_ZN7testing8internal19FormatForComparisonINSt7__cxx1112basic_stringIcSt11char_traitsIcESaIcEEEA10_cE6FormatERKS7_
FN:387,389,_ZN7testing8internal19FormatForComparisonINSt7__cxx1112basic_stringIcSt11char_traitsIcESaIcEEEA11_cE6FormatERKS7_
FN:387,389,_ZN7testing8internal19FormatForComparisonINSt7__cxx1112basic_stringIcSt11char_traitsIcESaIcEEEA4_cE6FormatERKS7_
FN:387,389,_ZN7testing8internal19FormatForComparisonINSt7__cxx1112basic_stringIcSt11char_traitsIcESaIcEEEA8_cE6FormatERKS7_
FN:387,389,_ZN7testing8internal19FormatForComparisonIddE6FormatB5cxx11ERKd
FN:387,389,_ZN7testing8internal19FormatForComparisonIdiE6FormatB5cxx11ERKd
FN:387,389,_ZN7testing8internal19FormatForComparisonIidE6FormatB5cxx11ERKi
FN:387,389,_ZN7testing8internal19FormatForComparisonIimE6FormatB5cxx11ERKi
FN:387,389,_ZN7testing8internal19FormatForComparisonImiE6FormatB5cxx11ERKm
FN:396,398,_ZN7testing8internal19FormatForComparisonIA10_cNSt7__cxx1112basic_stringIcSt11char_traitsIcESaIcEEEE6FormatEPKc
FN:396,398,_ZN7testing8internal19FormatForComparisonIA11_cNSt7__cxx1112basic_stringIcSt11char_traitsIcESaIcEEEE6FormatEPKc
FN:396,398,_ZN7testing8internal19FormatForComparisonIA4_cNSt7__cxx1112basic_stringIcSt11char_traitsIcESaIcEEEE6FormatEPKc
FN:396,398,_ZN7testing8internal19FormatForComparisonIA8_cNSt7__cxx1112basic_stringIcSt11char_traitsIcESaIcEEEE6FormatEPKc
FN:441,441,_ZN7testing8internal19FormatForComparisonIPKcNSt7__cxx1112basic_stringIcSt11char_traitsIcESaIcEEEE6FormatES3_
FN:467,470,_ZN7testing8internal33FormatForComparisonFailureMessageIA10_cNSt7__cxx1112basic_stringIcSt11char_traitsIcESaIcEEEEES8_RKT_RKT0_
FN:467,470,_ZN7testing8internal33FormatForComparisonFailureMessageIA11_cNSt7__cxx1112basic_stringIcSt11char_traitsIcESaIcEEEEES8_RKT_RKT0_
FN:467,470,_ZN7testing8internal33FormatForComparisonFailureMessageIA4_cNSt7__cxx1112basic_stringIcSt11char_traitsIcESaIcEEEEES8_RKT_RKT0_
FN:467,470,_ZN7testing8internal33FormatForComparisonFailureMessageIA8_cNSt7__cxx1112basic_stringIcSt11char_traitsIcESaIcEEEEES8_RKT_RKT0_
FN:467,470,_ZN7testing8internal33FormatForComparisonFailureMessageINSt7__cxx1112basic_stringIcSt11char_traitsIcESaIcEEEA10_cEES7_RKT_RKT0_
FN:467,470,_ZN7testing8internal33FormatForComparisonFailureMessageINSt7__cxx1112basic_stringIcSt11char_traitsIcESaIcEEEA11_cEES7_RKT_RKT0_
FN:467,470,_ZN7testing8internal33FormatForComparisonFailureMessageINSt7__cxx1112basic_stringIcSt11char_traitsIcESaIcEEEA4_cEES7_RKT_RKT0_
FN:467,470,_ZN7testing8internal33FormatForComparisonFailureMessageINSt7__cxx1112basic_stringIcSt11char_traitsIcESaIcEEEA8_cEES7_RKT_RKT0_
FN:467,470,_ZN7testing8internal33FormatForComparisonFailureMessageIddEENSt7__cxx1112basic_stringIcSt11char_traitsIcESaIcEEERKT_RKT0_
FN:467,470,_ZN7testing8internal33FormatForComparisonFailureMessageIdiEENSt7__cxx1112basic_stringIcSt11char_traitsIcESaIcEEERKT_RKT0_
FN:467,470,_ZN7testing8internal33FormatForComparisonFailureMessageIidEENSt7__cxx1112basic_stringIcSt11char_traitsIcESaIcEEERKT_RKT0_
FN:467,470,_ZN7testing8internal33FormatForComparisonFailureMessageIimEENSt7__cxx1112basic_stringIcSt11char_traitsIcESaIcEEERKT_RKT0_
FN:467,470,_ZN7testing8internal33FormatForComparisonFailureMessageImiEENSt7__cxx1112basic_stringIcSt11char_traitsIcESaIcEEERKT_RKT0_
FN:494,496,_ZN7testing8internal7PrintToISt6vectorINSt7__cxx1112basic_stringIcSt11char_traitsIcESaIcEEESaIS8_EEEEvRKT_PSo
FN:494,496,_ZN7testing8internal7PrintToIiEEvRKT_PSo
FN:494,496,_ZN7testing8internal7PrintToImEEvRKT_PSo
FN:563,625,_ZN7testing8internal21AppropriateResolutionIdEEiT_
FN:634,639,_ZN7testing8internal7PrintToEdPSo
FN:708,710,_ZN7testing8internal7PrintToERKNSt7__cxx1112basic_stringIcSt11char_traitsIcESaIcEEEPSo
FN:854,855,_ZN7testing8internal12PrintTupleToISt5tupleIJRKNSt7__cxx1112basic_stringIcSt11char_traitsIcESaIcEEEEEEEvRKT_St17integral_constantImLm0EEPSo
FN:854,855,_ZN7testing8internal12PrintTupleToISt5tupleIJmEEEEvRKT_St17integral_constantImLm0EEPSo
[...]
FN:513,515,_ZNSt11_Tuple_implILm0EJN7testing7MatcherIRKNSt7__cxx1112basic_stringIcSt11char_traitsIcESaIcEEEEEEEC2ISA_EEOT_
FN:513,515,_ZNSt11_Tuple_implILm0EJN7testing7MatcherImEEEEC2IS2_EEOT_
FN:513,515,_ZNSt11_Tuple_implILm0EJmEEC2ImEEOT_
FN:513,515,_ZNSt11_Tuple_implILm1EJPKN7testing8internal15AnythingMatcherEEEC2IS4_EEOT_
FN:513,515,_ZNSt11_Tuple_implILm1EJPKN7testing8internal9EqMatcherImEEEEC2IS5_EEOT_
FN:517,517,_ZNSt11_Tuple_implILm0EJN7testing7MatcherIRKNSt7__cxx1112basic_stringIcSt11char_traitsIcESaIcEEEEEEEC2ERKSB_
FN:517,517,_ZNSt11_Tuple_implILm0EJN7testing7MatcherImEEEEC2ERKS3_
FN:527,530,_ZNSt11_Tuple_implILm0EJRKNSt7__cxx1112basic_stringIcSt11char_traitsIcESaIcEEEEEC2EOS8_
FN:527,530,_ZNSt11_Tuple_implILm0EJmEEC2EOS0_
FN:81,82,_ZNSt10_Head_baseILm1ESt14default_deleteIN4calc15InMemoryHistoryEELb1EEC2Ev
FN:81,82,_ZNSt10_Head_baseILm1ESt14default_deleteIN4calc16SimpleCalculatorEELb1EEC2Ev
FN:81,82,_ZNSt10_Head_baseILm1ESt14default_deleteINSt7__cxx1112basic_stringIcSt11char_traitsIcESaIcEEEELb1EEC2Ev
FN:874,876,_ZNSt5tupleIJRKNSt7__cxx1112basic_stringIcSt11char_traitsIcESaIcEEEEEC2ILb1ELb1EEES7_
FN:889,891,_ZNSt5tupleIJN7testing7MatcherIRKNSt7__cxx1112basic_stringIcSt11char_traitsIcESaIcEEEEEEEC2IJSA_ELb1ELb1EEEDpOT_
FN:889,891,_ZNSt5tupleIJN7testing7MatcherImEEEEC2IJS2_ELb1ELb1EEEDpOT_
FN:889,891,_ZNSt5tupleIJmEEC2IJmELb1ELb1EEEDpOT_
FN:901,901,_ZNSt5tupleIJN7testing7MatcherIRKNSt7__cxx1112basic_stringIcSt11char_traitsIcESaIcEEEEEEEC2ERKSB_
FN:901,901,_ZNSt5tupleIJN7testing7MatcherImEEEEC2ERKS3_
FN:903,903,_ZNSt5tupleIJRKNSt7__cxx1112basic_stringIcSt11char_traitsIcESaIcEEEEEC2EOS8_
FN:903,903,_ZNSt5tupleIJmEEC2EOS0_
FNDA:33,_ZNSt10_Head_baseILm1ESt14default_deleteIN4calc15InMemoryHistoryEELb1EE7_M_headERS4_
FNDA:33,_ZNSt10_Head_baseILm1ESt14default_deleteIN4calc16SimpleCalculatorEELb1EE7_M_headERS4_
FNDA:0,_ZNSt10_Head_baseILm1ESt14default_deleteINSt7__cxx1112basic_stringIcSt11char_traitsIcESaIcEEEELb1EE7_M_headERS8_
FNDA:1312,_ZNSt10_Head_baseILm1ESt14default_deleteINSt7__cxx1118basic_stringstreamIcSt11char_traitsIcESaIcEEEELb1EE7_M_headERS8_
FNDA:22,_ZNSt5tupleIJPN4calc15InMemoryHistoryESt14default_deleteIS1_EEEC2ILb1ELb1EEEv
FNDA:22,_ZNSt5tupleIJPN4calc16SimpleCalculatorESt14default_deleteIS1_EEEC2ILb1ELb1EEEv
FNDA:22,_ZNSt5tupleIJPNSt7__cxx1112basic_stringIcSt11char_traitsIcESaIcEEESt14default_deleteIS5_EEEC2ILb1ELb1EEEv
FNDA:0,_ZNSt5tupleIJPKN7testing8internal11MatcherBaseIRKNSt7__cxx1112basic_stringIcSt11char_traitsIcESaIcEEEEEPKNS1_15AnythingMatcherEEEC2ISD_SG_Lb1EEEOT_OT0_
FNDA:0,_ZNSt5tupleIJPKN7testing8internal11MatcherBaseIRKS_IJRKNSt7__cxx1112basic_stringIcSt11char_traitsIcESaIcEEEEEEEPKNS1_15AnythingMatcherEEEC2ISG_SJ_Lb1EEEOT_OT0_
FNDA:0,_ZNSt5tupleIJPKN7testing8internal11MatcherBaseIRKS_IJmEEEEPKNS1_15AnythingMatcherEEEC2IS8_SB_Lb1EEEOT_OT0_
FNDA:0,_ZNSt5tupleIJPKN7testing8internal11MatcherBaseImEEPKNS1_9EqMatcherImEEEEC2IS5_S9_Lb1EEEOT_OT0_
FNDA:0,_ZSt12__get_helperILm0EPKN7testing8internal11MatcherBaseIRKNSt7__cxx1112basic_stringIcSt11char_traitsIcESaIcEEEEEJPKNS1_15AnythingMatcherEEERT0_RSt11_Tuple_implIXT_EJSH_DpT1_EE
FNDA:0,_ZSt12__get_helperILm0EPKN7testing8internal11MatcherBaseIRKSt5tupleIJRKNSt7__cxx1112basic_stringIcSt11char_traitsIcESaIcEEEEEEEJPKNS1_15AnythingMatcherEEERT0_RSt11_Tuple_implIXT_EJSL_DpT1_EE
FNDA:0,_ZSt12__get_helperILm0EPKN7testing8internal11MatcherBaseIRKSt5tupleIJmEEEEJPKNS1_15AnythingMatcherEEERT0_RSt11_Tuple_implIXT_EJSD_DpT1_EE
FNDA:0,_ZSt12__get_helperILm0EPKN7testing8internal11MatcherBaseImEEJPKNS1_9EqMatcherImEEEERT0_RSt11_Tuple_implIXT_EJSA_DpT1_EE
FNDA:99,_ZSt12__get_helperILm0EPN4calc15InMemoryHistoryEJSt14default_deleteIS1_EEERT0_RSt11_Tuple_implIXT_EJS5_DpT1_EE
FNDA:99,_ZSt12__get_helperILm0EPN4calc16SimpleCalculatorEJSt14default_deleteIS1_EEERT0_RSt11_Tuple_implIXT_EJS5_DpT1_EE
FNDA:30,_ZSt12__get_helperILm0EPNSt7__cxx1112basic_stringIcSt11char_traitsIcESaIcEEEJSt14default_deleteIS5_EEERT0_RSt11_Tuple_implIXT_EJS9_DpT1_EE
FNDA:2624,_ZSt12__get_helperILm0EPNSt7__cxx1118basic_stringstreamIcSt11char_traitsIcESaIcEEEJSt14default_deleteIS5_EEERT0_RSt11_Tuple_implIXT_EJS9_DpT1_EE
FNDA:0,_ZSt12__get_helperILm0ERKNSt7__cxx1112basic_stringIcSt11char_traitsIcESaIcEEEJEERT0_RSt11_Tuple_implIXT_EJS8_DpT1_EE
FNDA:1,_ZSt12__get_helperILm0EmJEERT0_RSt11_Tuple_implIXT_EJS0_DpT1_EE
FNDA:33,_ZSt12__get_helperILm1ESt14default_deleteIN4calc15InMemoryHistoryEEJEERT0_RSt11_Tuple_implIXT_EJS4_DpT1_EE
FNDA:33,_ZSt12__get_helperILm1ESt14default_deleteIN4calc16SimpleCalculatorEEJEERT0_RSt11_Tuple_implIXT_EJS4_DpT1_EE
FNDA:0,_ZSt12__get_helperILm1ESt14default_deleteINSt7__cxx1112basic_stringIcSt11char_traitsIcESaIcEEEEJEERT0_RSt11_Tuple_implIXT_EJS8_DpT1_EE
FNDA:1312,_ZSt12__get_helperILm1ESt14default_deleteINSt7__cxx1118basic_stringstreamIcSt11char_traitsIcESaIcEEEEJEERT0_RSt11_Tuple_implIXT_EJS8_DpT1_EE
FNDA:5,_ZSt12__get_helperILm0EN7testing7MatcherIRKNSt7__cxx1112basic_stringIcSt11char_traitsIcESaIcEEEEEJEERKT0_RKSt11_Tuple_implIXT_EJSB_DpT1_EE
FNDA:1,_ZSt12__get_helperILm0EN7testing7MatcherImEEJEERKT0_RKSt11_Tuple_implIXT_EJS3_DpT1_EE
FNDA:11,_ZSt12__get_helperILm0EPN4calc15InMemoryHistoryEJSt14default_deleteIS1_EEERKT0_RKSt11_Tuple_implIXT_EJS5_DpT1_EE
FNDA:11,_ZSt12__get_helperILm0EPN4calc16SimpleCalculatorEJSt14default_deleteIS1_EEERKT0_RKSt11_Tuple_implIXT_EJS5_DpT1_EE
FNDA:2,_ZSt12__get_helperILm0EPN7testing8internal11ThreadLocalIPNS0_8SequenceEE18ValueHolderFactoryEJSt14default_deleteIS6_EEERKT0_RKSt11_Tuple_implIXT_EJSA_DpT1_EE
FNDA:0,_ZSt12__get_helperILm0EPNSt7__cxx1112basic_stringIcSt11char_traitsIcESaIcEEEJSt14default_deleteIS5_EEERKT0_RKSt11_Tuple_implIXT_EJS9_DpT1_EE
FNDA:11718,_ZSt12__get_helperILm0EPNSt7__cxx1118basic_stringstreamIcSt11char_traitsIcESaIcEEEJSt14default_deleteIS5_EEERKT0_RKSt11_Tuple_implIXT_EJS9_DpT1_EE
FNDA:5,_ZSt12__get_helperILm0ERKNSt7__cxx1112basic_stringIcSt11char_traitsIcESaIcEEEJEERKT0_RKSt11_Tuple_implIXT_EJS8_DpT1_EE
FNDA:1,_ZSt12__get_helperILm0EmJEERKT0_RKSt11_Tuple_implIXT_EJS0_DpT1_EE
FNDA:99,_ZSt3getILm0EJPN4calc15InMemoryHistoryESt14default_deleteIS1_EEERNSt13tuple_elementIXT_ESt5tupleIJDpT0_EEE4typeERS9_
FNDA:99,_ZSt3getILm0EJPN4calc16SimpleCalculatorESt14default_deleteIS1_EEERNSt13tuple_elementIXT_ESt5tupleIJDpT0_EEE4typeERS9_
FNDA:30,_ZSt3getILm0EJPNSt7__cxx1112basic_stringIcSt11char_traitsIcESaIcEEESt14default_deleteIS5_EEERNSt13tuple_elementIXT_ESt5tupleIJDpT0_EEE4typeERSD_
FNDA:2624,_ZSt3getILm0EJPNSt7__cxx1118basic_stringstreamIcSt11char_traitsIcESaIcEEESt14default_deleteIS5_EEERNSt13tuple_elementIXT_ESt5tupleIJDpT0_EEE4typeERSD_
FNDA:33,_ZSt3getILm1EJPN4calc15InMemoryHistoryESt14default_deleteIS1_EEERNSt13tuple_elementIXT_ESt5tupleIJDpT0_EEE4typeERS9_
FNDA:33,_ZSt3getILm1EJPN4calc16SimpleCalculatorESt14default_deleteIS1_EEERNSt13tuple_elementIXT_ESt5tupleIJDpT0_EEE4typeERS9_
FNDA:0,_ZSt3getILm1EJPNSt7__cxx1112basic_stringIcSt11char_traitsIcESaIcEEESt14default_deleteIS5_EEERNSt13tuple_elementIXT_ESt5tupleIJDpT0_EEE4typeERSD_
FNDA:1312,_ZSt3getILm1EJPNSt7__cxx1118basic_stringstreamIcSt11char_traitsIcESaIcEEESt14default_deleteIS5_EEERNSt13tuple_elementIXT_ESt5tupleIJDpT0_EEE4typeERSD_
FNDA:5,_ZSt3getILm0EJN7testing7MatcherIRKNSt7__cxx1112basic_stringIcSt11char_traitsIcESaIcEEEEEEERKNSt13tuple_elementIXT_ESt5tupleIJDpT0_EEE4typeERKSF_
FNDA:1,_ZSt3getILm0EJN7testing7MatcherImEEEERKNSt13tuple_elementIXT_ESt5tupleIJDpT0_EEE4typeERKS7_
FNDA:11,_ZSt3getILm0EJPN4calc15InMemoryHistoryESt14default_deleteIS1_EEERKNSt13tuple_elementIXT_ESt5tupleIJDpT0_EEE4typeERKS9_
FNDA:11,_ZSt3getILm0EJPN4calc16SimpleCalculatorESt14default_deleteIS1_EEERKNSt13tuple_elementIXT_ESt5tupleIJDpT0_EEE4typeERKS9_
FNDA:2,_ZSt3getILm0EJPN7testing8internal11ThreadLocalIPNS0_8SequenceEE18ValueHolderFactoryESt14default_deleteIS6_EEERKNSt13tuple_elementIXT_ESt5tupleIJDpT0_EEE4typeERKSE_
FNDA:0,_ZSt3getILm0EJPNSt7__cxx1112basic_stringIcSt11char_traitsIcESaIcEEESt14default_deleteIS5_EEERKNSt13tuple_elementIXT_ESt5tupleIJDpT0_EEE4typeERKSD_
FNDA:11718,_ZSt3getILm0EJPNSt7__cxx1118basic_stringstreamIcSt11char_traitsIcESaIcEEESt14default_deleteIS5_EEERKNSt13tuple_elementIXT_ESt5tupleIJDpT0_EEE4typeERKSD_
FNDA:5,_ZSt3getILm0EJRKNSt7__cxx1112basic_stringIcSt11char_traitsIcESaIcEEEEERKNSt13tuple_elementIXT_ESt5tupleIJDpT0_EEE4typeERKSC_
FNDA:1,_ZSt3getILm0EJmEERKNSt13tuple_elementIXT_ESt5tupleIJDpT0_EEE4typeERKS4_
FNDA:0,_ZSt3getILm0EJPKN7testing8internal11MatcherBaseIRKNSt7__cxx1112basic_stringIcSt11char_traitsIcESaIcEEEEEPKNS1_15AnythingMatcherEEEONSt13tuple_elementIXT_ESt5tupleIJDpT0_EEE4typeEOSL_
FNDA:0,_ZSt3getILm0EJPKN7testing8internal11MatcherBaseIRKSt5tupleIJRKNSt7__cxx1112basic_stringIcSt11char_traitsIcESaIcEEEEEEEPKNS1_15AnythingMatcherEEEONSt13tuple_elementIXT_ES3_IJDpT0_EEE4typeEOSO_
FNDA:0,_ZSt3getILm0EJPKN7testing8internal11MatcherBaseIRKSt5tupleIJmEEEEPKNS1_15AnythingMatcherEEEONSt13tuple_elementIXT_ES3_IJDpT0_EEE4typeEOSG_
FNDA:0,_ZSt3getILm0EJPKN7testing8internal11MatcherBaseImEEPKNS1_9EqMatcherImEEEEONSt13tuple_elementIXT_ESt5tupleIJDpT0_EEE4typeEOSE_
FNDA:0,_ZSt3getILm0EJRKNSt7__cxx1112basic_stringIcSt11char_traitsIcESaIcEEEEEONSt13tuple_elementIXT_ESt5tupleIJDpT0_EEE4typeEOSC_
FNDA:1,_ZSt3getILm0EJmEEONSt13tuple_elementIXT_ESt5tupleIJDpT0_EEE4typeEOS4_
FNDA:22,_ZNSt10_Head_baseILm0EPN4calc15InMemoryHistoryELb0EEC2Ev
FNDA:22,_ZNSt10_Head_baseILm0EPN4calc16SimpleCalculatorELb0EEC2Ev
FNDA:22,_ZNSt10_Head_baseILm0EPNSt7__cxx1112basic_stringIcSt11char_traitsIcESaIcEEELb0EEC2Ev
FNDA:5,_ZNSt10_Head_baseILm0ERKNSt7__cxx1112basic_stringIcSt11char_traitsIcESaIcEEELb0EEC2ES7_
FNDA:10,_ZNSt10_Head_baseILm0EN7testing7MatcherIRKNSt7__cxx1112basic_stringIcSt11char_traitsIcESaIcEEEEELb0EEC2ERKSB_
FNDA:2,_ZNSt10_Head_baseILm0EN7testing7MatcherImEELb0EEC2ERKS3_
FNDA:5,_ZNSt10_Head_baseILm0EN7testing7MatcherIRKNSt7__cxx1112basic_stringIcSt11char_traitsIcESaIcEEEEELb0EEC2ISA_EEOT_
FNDA:1,_ZNSt10_Head_baseILm0EN7testing7MatcherImEELb0EEC2IS2_EEOT_
FNDA:0,_ZNSt10_Head_baseILm0EPKN7testing8internal11MatcherBaseIRKNSt7__cxx1112basic_stringIcSt11char_traitsIcESaIcEEEEELb0EEC2ISD_EEOT_
FNDA:0,_ZNSt10_Head_baseILm0EPKN7testing8internal11MatcherBaseIRKSt5tupleIJRKNSt7__cxx1112basic_stringIcSt11char_traitsIcESaIcEEEEEEELb0EEC2ISH_EEOT_
FNDA:0,_ZNSt10_Head_baseILm0EPKN7testing8internal11MatcherBaseIRKSt5tupleIJmEEEELb0EEC2IS9_EEOT_
FNDA:0,_ZNSt10_Head_baseILm0EPKN7testing8internal11MatcherBaseImEELb0EEC2IS5_EEOT_
FNDA:1,_ZNSt10_Head_baseILm0EmLb0EEC2ImEEOT_
FNDA:0,_ZNSt10_Head_baseILm1EPKN7testing8internal15AnythingMatcherELb0EEC2IS4_EEOT_
FNDA:0,_ZNSt10_Head_baseILm1EPKN7testing8internal9EqMatcherImEELb0EEC2IS5_EEOT_
FNDA:5,_ZSt10make_tupleIJN7testing7MatcherIRKNSt7__cxx1112basic_stringIcSt11char_traitsIcESaIcEEEEEEESt5tupleIJDpNSt25__strip_reference_wrapperINSt5decayIT_E4typeEE6__typeEEEDpOSE_
FNDA:1,_ZSt10make_tupleIJN7testing7MatcherImEEEESt5tupleIJDpNSt25__strip_reference_wrapperINSt5decayIT_E4typeEE6__typeEEEDpOS6_
FNDA:0,_ZSt10make_tupleIJPKN7testing8internal11MatcherBaseIRKNSt7__cxx1112basic_stringIcSt11char_traitsIcESaIcEEEEEPKNS1_15AnythingMatcherEEESt5tupleIJDpNSt25__strip_reference_wrapperINSt5decayIT_E4typeEE6__typeEEEDpOSK_
FNDA:0,_ZSt10make_tupleIJPKN7testing8internal11MatcherBaseIRKSt5tupleIJRKNSt7__cxx1112basic_stringIcSt11char_traitsIcESaIcEEEEEEEPKNS1_15AnythingMatcherEEES3_IJDpNSt25__strip_reference_wrapperINSt5decayIT_E4typeEE6__typeEEEDpOSN_
FNDA:0,_ZSt10make_tupleIJPKN7testing8internal11MatcherBaseIRKSt5tupleIJmEEEEPKNS1_15AnythingMatcherEEES3_IJDpNSt25__strip_reference_wrapperINSt5decayIT_E4typeEE6__typeEEEDpOSF_
FNDA:0,_ZSt10make_tupleIJPKN7testing8internal11MatcherBaseImEEPKNS1_9EqMatcherImEEEESt5tupleIJDpNSt25__strip_reference_wrapperINSt5decayIT_E4typeEE6__typeEEEDpOSD_
FNDA:0,_ZNSt10_Head_baseILm0EPKN7testing8internal11MatcherBaseIRKNSt7__cxx1112basic_stringIcSt11char_traitsIcESaIcEEEEELb0EE7_M_headERSE_
FNDA:0,_ZNSt10_Head_baseILm0EPKN7testing8internal11MatcherBaseIRKSt5tupleIJRKNSt7__cxx1112basic_stringIcSt11char_traitsIcESaIcEEEEEEELb0EE7_M_headERSI_
FNDA:0,_ZNSt10_Head_baseILm0EPKN7testing8internal11MatcherBaseIRKSt5tupleIJmEEEELb0EE7_M_headERSA_
FNDA:0,_ZNSt10_Head_baseILm0EPKN7testing8internal11MatcherBaseImEELb0EE7_M_headERS6_
FNDA:99,_ZNSt10_Head_baseILm0EPN4calc15InMemoryHistoryELb0EE7_M_headERS3_
FNDA:99,_ZNSt10_Head_baseILm0EPN4calc16SimpleCalculatorELb0EE7_M_headERS3_
FNDA:30,_ZNSt10_Head_baseILm0EPNSt7__cxx1112basic_stringIcSt11char_traitsIcESaIcEEELb0EE7_M_headERS7_
FNDA:2624,_ZNSt10_Head_baseILm0EPNSt7__cxx1118basic_stringstreamIcSt11char_traitsIcESaIcEEELb0EE7_M_headERS7_
FNDA:0,_ZNSt10_Head_baseILm0ERKNSt7__cxx1112basic_stringIcSt11char_traitsIcESaIcEEELb0EE7_M_headERS8_
FNDA:1,_ZNSt10_Head_baseILm0EmLb0EE7_M_headERS0_
FNDA:5,_ZNSt10_Head_baseILm0EN7testing7MatcherIRKNSt7__cxx1112basic_stringIcSt11char_traitsIcESaIcEEEEELb0EE7_M_headERKSB_
FNDA:1,_ZNSt10_Head_baseILm0EN7testing7MatcherImEELb0EE7_M_headERKS3_
FNDA:11,_ZNSt10_Head_baseILm0EPN4calc15InMemoryHistoryELb0EE7_M_headERKS3_
FNDA:11,_ZNSt10_Head_baseILm0EPN4calc16SimpleCalculatorELb0EE7_M_headERKS3_
FNDA:2,_ZNSt10_Head_baseILm0EPN7testing8internal11ThreadLocalIPNS0_8SequenceEE18ValueHolderFactoryELb0EE7_M_headERKS8_
FNDA:0,_ZNSt10_Head_baseILm0EPNSt7__cxx1112basic_stringIcSt11char_traitsIcESaIcEEELb0EE7_M_headERKS7_
FNDA:11718,_ZNSt10_Head_baseILm0EPNSt7__cxx1118basic_stringstreamIcSt11char_traitsIcESaIcEEELb0EE7_M_headERKS7_
FNDA:5,_ZNSt10_Head_baseILm0ERKNSt7__cxx1112basic_stringIcSt11char_traitsIcESaIcEEELb0EE7_M_headERKS8_
FNDA:1,_ZNSt10_Head_baseILm0EmLb0EE7_M_headERKS0_
FNDA:0,_ZNSt11_Tuple_implILm0EJPKN7testing8internal11MatcherBaseIRKNSt7__cxx1112basic_stringIcSt11char_traitsIcESaIcEEEEEPKNS1_15AnythingMatcherEEE7_M_headERSH_
FNDA:0,_ZNSt11_Tuple_implILm0EJPKN7testing8internal11MatcherBaseIRKSt5tupleIJRKNSt7__cxx1112basic_stringIcSt11char_traitsIcESaIcEEEEEEEPKNS1_15AnythingMatcherEEE7_M_headERSL_
FNDA:0,_ZNSt11_Tuple_implILm0EJPKN7testing8internal11MatcherBaseIRKSt5tupleIJmEEEEPKNS1_15AnythingMatcherEEE7_M_headERSD_
FNDA:0,_ZNSt11_Tuple_implILm0EJPKN7testing8internal11MatcherBaseImEEPKNS1_9EqMatcherImEEEE7_M_headERSA_
FNDA:99,_ZNSt11_Tuple_implILm0EJPN4calc15InMemoryHistoryESt14default_deleteIS1_EEE7_M_headERS5_
FNDA:99,_ZNSt11_Tuple_implILm0EJPN4calc16SimpleCalculatorESt14default_deleteIS1_EEE7_M_headERS5_
FNDA:30,_ZNSt11_Tuple_implILm0EJPNSt7__cxx1112basic_stringIcSt11char_traitsIcESaIcEEESt14default_deleteIS5_EEE7_M_headERS9_
FNDA:2624,_ZNSt11_Tuple_implILm0EJPNSt7__cxx1118basic_stringstreamIcSt11char_traitsIcESaIcEEESt14default_deleteIS5_EEE7_M_headERS9_
FNDA:11,_ZNSt11_Tuple_implILm0EJPN4calc15InMemoryHistoryESt14default_deleteIS1_EEE7_M_headERKS5_
FNDA:11,_ZNSt11_Tuple_implILm0EJPN4calc16SimpleCalculatorESt14default_deleteIS1_EEE7_M_headERKS5_
FNDA:2,_ZNSt11_Tuple_implILm0EJPN7testing8internal11ThreadLocalIPNS0_8SequenceEE18ValueHolderFactoryESt14default_deleteIS6_EEE7_M_headERKSA_
FNDA:0,_ZNSt11_Tuple_implILm0EJPNSt7__cxx1112basic_stringIcSt11char_traitsIcESaIcEEESt14default_deleteIS5_EEE7_M_headERKS9_
FNDA:11718,_ZNSt11_Tuple_implILm0EJPNSt7__cxx1118basic_stringstreamIcSt11char_traitsIcESaIcEEESt14default_deleteIS5_EEE7_M_headERKS9_
FNDA:22,_ZNSt11_Tuple_implILm0EJPN4calc15InMemoryHistoryESt14default_deleteIS1_EEEC2Ev
FNDA:22,_ZNSt11_Tuple_implILm0EJPN4calc16SimpleCalculatorESt14default_deleteIS1_EEEC2Ev
FNDA:22,_ZNSt11_Tuple_implILm0EJPNSt7__cxx1112basic_stringIcSt11char_traitsIcESaIcEEESt14default_deleteIS5_EEEC2Ev
FNDA:0,_ZNSt11_Tuple_implILm0EJPKN7testing8internal11MatcherBaseIRKNSt7__cxx1112basic_stringIcSt11char_traitsIcESaIcEEEEEPKNS1_15AnythingMatcherEEEC2ISD_JSG_EvEEOT_DpOT0_
FNDA:0,_ZNSt11_Tuple_implILm0EJPKN7testing8internal11MatcherBaseIRKSt5tupleIJRKNSt7__cxx1112basic_stringIcSt11char_traitsIcESaIcEEEEEEEPKNS1_15AnythingMatcherEEEC2ISH_JSK_EvEEOT_DpOT0_
FNDA:0,_ZNSt11_Tuple_implILm0EJPKN7testing8internal11MatcherBaseIRKSt5tupleIJmEEEEPKNS1_15AnythingMatcherEEEC2IS9_JSC_EvEEOT_DpOT0_
FNDA:0,_ZNSt11_Tuple_implILm0EJPKN7testing8internal11MatcherBaseImEEPKNS1_9EqMatcherImEEEEC2IS5_JS9_EvEEOT_DpOT0_
FNDA:0,_ZNSt11_Tuple_implILm0EJRKNSt7__cxx1112basic_stringIcSt11char_traitsIcESaIcEEEEE7_M_headERS8_
FNDA:1,_ZNSt11_Tuple_implILm0EJmEE7_M_headERS0_
FNDA:33,_ZNSt11_Tuple_implILm1EJSt14default_deleteIN4calc15InMemoryHistoryEEEE7_M_headERS4_
FNDA:33,_ZNSt11_Tuple_implILm1EJSt14default_deleteIN4calc16SimpleCalculatorEEEE7_M_headERS4_
FNDA:0,_ZNSt11_Tuple_implILm1EJSt14default_deleteINSt7__cxx1112basic_stringIcSt11char_traitsIcESaIcEEEEEE7_M_headERS8_
FNDA:1312,_ZNSt11_Tuple_implILm1EJSt14default_deleteINSt7__cxx1118basic_stringstreamIcSt11char_traitsIcESaIcEEEEEE7_M_headERS8_
FNDA:5,_ZNSt11_Tuple_implILm0EJN7testing7MatcherIRKNSt7__cxx1112basic_stringIcSt11char_traitsIcESaIcEEEEEEE7_M_headERKSB_
FNDA:1,_ZNSt11_Tuple_implILm0EJN7testing7MatcherImEEEE7_M_headERKS3_
FNDA:5,_ZNSt11_Tuple_implILm0EJRKNSt7__cxx1112basic_stringIcSt11char_traitsIcESaIcEEEEE7_M_headERKS8_
FNDA:1,_ZNSt11_Tuple_implILm0EJmEE7_M_headERKS0_
FNDA:22,_ZNSt11_Tuple_implILm1EJSt14default_deleteIN4calc15InMemoryHistoryEEEEC2Ev
FNDA:22,_ZNSt11_Tuple_implILm1EJSt14default_deleteIN4calc16SimpleCalculatorEEEEC2Ev
FNDA:22,_ZNSt11_Tuple_implILm1EJSt14default_deleteINSt7__cxx1112basic_stringIcSt11char_traitsIcESaIcEEEEEEC2Ev
FNDA:5,_ZNSt11_Tuple_implILm0EJRKNSt7__cxx1112basic_stringIcSt11char_traitsIcESaIcEEEEEC2ES7_
FNDA:5,_ZNSt11_Tuple_implILm0EJN7testing7MatcherIRKNSt7__cxx1112basic_stringIcSt11char_traitsIcESaIcEEEEEEEC2ISA_EEOT_
FNDA:1,_ZNSt11_Tuple_implILm0EJN7testing7MatcherImEEEEC2IS2_EEOT_
FNDA:1,_ZNSt11_Tuple_implILm0EJmEEC2ImEEOT_
FNDA:0,_ZNSt11_Tuple_implILm1EJPKN7testing8internal15AnythingMatcherEEEC2IS4_EEOT_
FNDA:0,_ZNSt11_Tuple_implILm1EJPKN7testing8internal9EqMatcherImEEEEC2IS5_EEOT_
FNDA:10,_ZNSt11_Tuple_implILm0EJN7testing7MatcherIRKNSt7__cxx1112basic_stringIcSt11char_traitsIcESaIcEEEEEEEC2ERKSB_
FNDA:2,_ZNSt11_Tuple_implILm0EJN7testing7MatcherImEEEEC2ERKS3_
FNDA:0,_ZNSt11_Tuple_implILm0EJRKNSt7__cxx1112basic_stringIcSt11char_traitsIcESaIcEEEEEC2EOS8_
FNDA:1,_ZNSt11_Tuple_implILm0EJmEEC2EOS0_
FNDA:22,_ZNSt10_Head_baseILm1ESt14default_deleteIN4calc15InMemoryHistoryEELb1EEC2Ev
FNDA:22,_ZNSt10_Head_baseILm1ESt14default_deleteIN4calc16SimpleCalculatorEELb1EEC2Ev
FNDA:22,_ZNSt10_Head_baseILm1ESt14default_deleteINSt7__cxx1112basic_stringIcSt11char_traitsIcESaIcEEEELb1EEC2Ev
FNDA:5,_ZNSt5tupleIJRKNSt7__cxx1112basic_stringIcSt11char_traitsIcESaIcEEEEEC2ILb1ELb1EEES7_
FNDA:5,_ZNSt5tupleIJN7testing7MatcherIRKNSt7__cxx1112basic_stringIcSt11char_traitsIcESaIcEEEEEEEC2IJSA_ELb1ELb1EEEDpOT_
FNDA:1,_ZNSt5tupleIJN7testing7MatcherImEEEEC2IJS2_ELb1ELb1EEEDpOT_
FNDA:1,_ZNSt5tupleIJmEEC2IJmELb1ELb1EEEDpOT_
FNDA:10,_ZNSt5tupleIJN7testing7MatcherIRKNSt7__cxx1112basic_stringIcSt11char_traitsIcESaIcEEEEEEEC2ERKSB_
FNDA:2,_ZNSt5tupleIJN7testing7MatcherImEEEEC2ERKS3_
FNDA:0,_ZNSt5tupleIJRKNSt7__cxx1112basic_stringIcSt11char_traitsIcESaIcEEEEEC2EOS8_
FNDA:1,_ZNSt5tupleIJmEEC2EOS0_
FNF:151
FNH:101
DA:81,66
DA:82,66
DA:125,1378
DA:190,66
DA:191,66
DA:193,5
DA:194,5
DA:196,12
DA:200,7
DA:201,7
DA:234,2853
DA:237,11754
DA:269,2852
DA:272,11742
DA:280,66
DA:281,66
DA:291,0
DA:293,0
DA:294,0
DA:497,1379
DA:500,12
DA:503,66
DA:504,66
DA:507,5
DA:508,5
DA:509,5
DA:513,7
DA:514,7
DA:515,7
DA:517,12
DA:527,1
DA:529,1
DA:530,1
DA:874,5
DA:876,5
DA:889,7
DA:891,7
DA:901,12
DA:903,1
DA:1317,66
DA:1319,66
DA:1345,0
DA:1347,0
DA:1787,4231
DA:1788,4231
DA:1792,11754
DA:1793,11754
DA:1803,4230
DA:1804,4230
DA:1809,11754
DA:1810,11754
DA:1815,1
DA:1818,1
DA:2001,6
DA:2005,6
LF:55
LH:50
end_of_record
TN:
SF:/usr/include/c++/13/typeinfo
FN:103,104,_ZNKSt9type_info4nameEv
FN:193,210,_ZNKSt9type_infoeqERKS_
FNDA:0,_ZNKSt9type_info4nameEv
FNDA:0,_ZNKSt9type_infoeqERKS_
FNF:2
FNH:0
DA:103,0
DA:104,0
DA:193,0
DA:195,0
DA:196,0
DA:198,0
DA:199,0
DA:206,0
LF:8
LH:0
end_of_record
TN:
SF:/usr/include/x86_64-linux-gnu/c++/13/bits/c++config.h
FN:540,551,_ZSt23__is_constant_evaluatedv
FNDA:14955,_ZSt23__is_constant_evaluatedv
FNF:1
FNH:1
DA:540,14955
DA:547,14955
LF:2
LH:2
end_of_record
